============================================================
  Generated by:           Genus(TM) Synthesis Solution GENUS15.21 - 15.20-s010_1
  Generated on:           Apr 07 2016  01:24:51 pm
  Module:                 DSPFetch
  Interconnect mode:      global
  Area mode:              physical library
============================================================


Path 1: MET (21 ps) Path Delay Check
          Group: I2O
     Startpoint: (F) read_data[0]
       Endpoint: (F) instruction_out[0]

                  Capture    Launch  
     Path Delay:+     200         -  
        Arrival:=     200            
                                     
  Required Time:=     200            
      Data Path:-     179            
          Slack:=      21            

#----------------------------------------------------------------------------------
#   Timing Point     Flags   Arc   Edge   Cell     Fanout Load Trans Delay Arrival 
#                                                         (fF)  (ps)  (ps)   (ps)  
#----------------------------------------------------------------------------------
  read_data[0]       -       -     F     (arrival)      1 51.6   348   179     179 
  instruction_out[0] -       -     F     (port)         -    -     -     0     179 
#----------------------------------------------------------------------------------

