Command: report datapath > reports/map/DSP_datapath.rpt
============================================================
  Generated by:           Genus(TM) Synthesis Solution GENUS15.21 - 15.20-s010_1
  Generated on:           Apr 07 2016  11:06:07 pm
  Module:                 DSP
  Interconnect mode:      global
  Area mode:              physical library
============================================================


Inferred components

                    Operator Signedness Inputs Outputs CellArea 
================================================================
DSP
 alu_ialu_mul_118_34
  
  module:mult_signed
   timing_driven/booth
                        *    signed     16x16  32       3624.86 
================================================================
DSP
 alu_ialu_sll_114_35
  
  module:shift_left_vlog_unsigned_576
   very_fast/barrel    <<    x          32x5   32        782.50 
================================================================
DSP
 alu_ialu_sll_116_40
  
  module:shift_left_vlog_unsigned
   very_fast/barrel    <<    x          32x5   32        777.71 
================================================================
DSP
 alu_qmult0_mul_159_37
  
  module:mult_unsigned
   timing_driven/booth
                        *    unsigned   15x15  30       3842.71 
================================================================

      Type       CellArea Percentage 
-------------------------------------
datapath modules  9027.77      30.82 
external muxes       0.00       0.00 
others           20265.21      69.18 
-------------------------------------
total            29292.98     100.00 

