============================================================
  Generated by:           Genus(TM) Synthesis Solution GENUS15.21 - 15.20-s010_1
  Generated on:           Apr 07 2016  11:06:06 pm
  Module:                 DSP
  Interconnect mode:      global
  Area mode:              physical library
============================================================

                                  
    Gate     Instances    Area        Library    
-------------------------------------------------
ADDFHX1             80    601.920    slow_vdd1v0 
ADDFHX2             45    369.360    slow_vdd1v0 
ADDFHX4              3     28.728    slow_vdd1v0 
ADDFHXL              5     37.620    slow_vdd1v0 
ADDFX1              64    328.320    slow_vdd1v0 
ADDFX2               2     15.732    slow_vdd1v0 
ADDHX1              22     82.764    slow_vdd1v0 
ADDHX2               6     30.780    slow_vdd1v0 
ADDHX4               8     57.456    slow_vdd1v0 
AND2X1            1568   2145.024    slow_vdd1v0 
AND2X2             163    278.730    slow_vdd1v0 
AND2X4              57    155.952    slow_vdd1v0 
AND2X6              27    101.574    slow_vdd1v0 
AND2X8              18     80.028    slow_vdd1v0 
AND2XL               3      4.104    slow_vdd1v0 
AND3X1               6     14.364    slow_vdd1v0 
AND3X2               2      5.472    slow_vdd1v0 
AND3X4               1      3.078    slow_vdd1v0 
AND3X6               1      4.446    slow_vdd1v0 
AND3XL              18     36.936    slow_vdd1v0 
AND4X1              15     35.910    slow_vdd1v0 
AND4XL               4      9.576    slow_vdd1v0 
AO21X1             143    342.342    slow_vdd1v0 
AO21X2              10     27.360    slow_vdd1v0 
AO21X4               5     17.100    slow_vdd1v0 
AO22X1              72    196.992    slow_vdd1v0 
AO22X2               6     18.468    slow_vdd1v0 
AO22X4               4     15.048    slow_vdd1v0 
AOI211X4             2     12.996    slow_vdd1v0 
AOI21X2            737   2016.432    slow_vdd1v0 
AOI21X4            157    805.410    slow_vdd1v0 
AOI2BB1X2           19     58.482    slow_vdd1v0 
AOI2BB1X4           80    328.320    slow_vdd1v0 
AOI2BB2X4            2     15.048    slow_vdd1v0 
BUFX12              17     87.210    slow_vdd1v0 
BUFX16               9     61.560    slow_vdd1v0 
BUFX2              482    824.220    slow_vdd1v0 
BUFX20              25    205.200    slow_vdd1v0 
BUFX3              197    404.244    slow_vdd1v0 
BUFX4               31     74.214    slow_vdd1v0 
BUFX6              122    375.516    slow_vdd1v0 
BUFX8               12     45.144    slow_vdd1v0 
DFFHQX1             45    246.240    slow_vdd1v0 
DFFHQX2              3     20.520    slow_vdd1v0 
DFFHQX4             35    287.280    slow_vdd1v0 
DFFHQX8             18    166.212    slow_vdd1v0 
DFFQX2               1      6.498    slow_vdd1v0 
DFFQX4               7     50.274    slow_vdd1v0 
DFFRHQX2           492   3870.072    slow_vdd1v0 
DFFRHQX4            18    172.368    slow_vdd1v0 
DFFRHQX8             1     11.286    slow_vdd1v0 
DFFTRX2             73    599.184    slow_vdd1v0 
DFFTRX4             17    186.048    slow_vdd1v0 
DFFTRXL             14    110.124    slow_vdd1v0 
DLY1X4               1      3.762    slow_vdd1v0 
INVX1              465    318.060    slow_vdd1v0 
INVX12              24     98.496    slow_vdd1v0 
INVX16              19    103.968    slow_vdd1v0 
INVX2              340    348.840    slow_vdd1v0 
INVX20              17    110.466    slow_vdd1v0 
INVX3              187    255.816    slow_vdd1v0 
INVX4              141    241.110    slow_vdd1v0 
INVX6               89    213.066    slow_vdd1v0 
INVX8               43    132.354    slow_vdd1v0 
INVXL                2      1.368    slow_vdd1v0 
MX2X1               20     47.880    slow_vdd1v0 
MX2X2               18     55.404    slow_vdd1v0 
MX2X4               15     61.560    slow_vdd1v0 
MXI2X2               1      4.446    slow_vdd1v0 
MXI2X4               2     10.260    slow_vdd1v0 
MXI2X6               1      5.130    slow_vdd1v0 
NAND2BX2            63    150.822    slow_vdd1v0 
NAND2BX4            27    101.574    slow_vdd1v0 
NAND2X2            507    866.970    slow_vdd1v0 
NAND2X4            156    533.520    slow_vdd1v0 
NAND2X6             73    349.524    slow_vdd1v0 
NAND2X8             19    103.968    slow_vdd1v0 
NOR2BX1              2      2.736    slow_vdd1v0 
NOR2BX2             88    240.768    slow_vdd1v0 
NOR2BX4            117    440.154    slow_vdd1v0 
NOR2X2             590   1008.900    slow_vdd1v0 
NOR2X4             843   2594.754    slow_vdd1v0 
NOR2X6             122    500.688    slow_vdd1v0 
NOR2X8              22    120.384    slow_vdd1v0 
NOR3X6               3     21.546    slow_vdd1v0 
NOR3X8               1      8.892    slow_vdd1v0 
OA21X1             108    221.616    slow_vdd1v0 
OA21X2              10     30.780    slow_vdd1v0 
OA21X4               5     18.810    slow_vdd1v0 
OA22X1             101    241.794    slow_vdd1v0 
OA22X2              14     47.880    slow_vdd1v0 
OA22X4               1      4.104    slow_vdd1v0 
OAI21X2             26     80.028    slow_vdd1v0 
OAI21X4             83    397.404    slow_vdd1v0 
OAI22X4             80    519.840    slow_vdd1v0 
OAI2BB1X2           33    101.574    slow_vdd1v0 
OAI2BB1X4           84    373.464    slow_vdd1v0 
OAI31X4              1      6.840    slow_vdd1v0 
OR2X1              235    321.480    slow_vdd1v0 
OR2X2              122    208.620    slow_vdd1v0 
OR2X4               44    120.384    slow_vdd1v0 
OR2X6               22     82.764    slow_vdd1v0 
OR2X8                3     13.338    slow_vdd1v0 
OR3X1               59    121.068    slow_vdd1v0 
OR3X2               12     28.728    slow_vdd1v0 
OR3X4                5     15.390    slow_vdd1v0 
OR3X6                2      9.576    slow_vdd1v0 
OR4X1               36     73.872    slow_vdd1v0 
OR4X6                1      5.472    slow_vdd1v0 
SDFFNSRXL            1     13.680    slow_vdd1v0 
SDFFRHQX2            7     69.426    slow_vdd1v0 
SDFFRHQX8            9    120.042    slow_vdd1v0 
TLATNTSCAX2         33    214.434    slow_vdd1v0 
XNOR2X1            132    316.008    slow_vdd1v0 
XNOR2X2             50    153.900    slow_vdd1v0 
XOR2X1              46    125.856    slow_vdd1v0 
XOR2X2              27     92.340    slow_vdd1v0 
-------------------------------------------------
total            10384  29292.984                


                                                        
            Type             Instances    Area   Area % 
--------------------------------------------------------
sequential                         741  5929.254   20.2 
inverter                          1327  1823.544    6.2 
buffer                             896  2081.070    7.1 
clock_gating_integrated_cell        33   214.434    0.7 
logic                             7387 19244.682   65.7 
physical_cells                       0     0.000    0.0 
--------------------------------------------------------
total                            10384 29292.984  100.0 

