============================================================
  Generated by:           Genus(TM) Synthesis Solution GENUS15.21 - 15.20-s010_1
  Generated on:           Apr 07 2016  11:06:06 pm
  Module:                 DSP
  Interconnect mode:      global
  Area mode:              physical library
============================================================

        Instance         Cells  Cell Area  Net Area   Total Area 
-----------------------------------------------------------------
DSP                      10384      29293     11378        40671 
  regFile                 3339       9854      3562        13415 
  alu_qmult0_mul_159_37   1273       3843      1351         5194 
  alu_ialu_mul_118_34     1100       3625      1215         4840 
  alu_ialu_sll_114_35      306        782       298         1081 
  alu_ialu_sll_116_40      299        778       291         1068 
  ALUFF                    182        955       105         1059 
  DECFF                    157        855        83          938 
  dspDecode                327        629       280          909 
  dspMemoryLogic            82        260        71          332 
  IFFF                      44        259        20          279 
  BRFF                      35        117        19          136 
