============================================================
  Generated by:           Genus(TM) Synthesis Solution GENUS15.21 - 15.20-s010_1
  Generated on:           Apr 07 2016  11:06:06 pm
  Module:                 DSP
  Interconnect mode:      global
  Area mode:              physical library
============================================================

Timing
--------

Clock Period 
-------------
clk   5000.0 


        Cost          Critical             Violating 
       Group         Path Slack    TNS       Paths   
-----------------------------------------------------
C2C                        33.6         0          0 
C2O                      -129.1     -5994         52 
cg_enable_group_clk      1269.1         0          0 
clk                      1524.9         0          0 
default                No paths         0            
I2C                      -363.9   -130322        512 
I2O                      1514.7         0          0 
-----------------------------------------------------
Total                             -136317        564 

Instance Count
--------------
Leaf Instance Count             10384 
Sequential Instance Count         774 
Combinational Instance Count     9610 
Hierarchical Instance Count        44 

Area
----
Cell Area                          29292.984
Physical Cell Area                 0.000
Total Cell Area (Cell+Physical)    29292.984
Net Area                           11378.094
Total Area (Cell+Physical+Net)     40671.078

Runtime                            -18.418 seconds
Elapsed Runtime                    107 seconds
Genus peak memory usage            446.79 
Innovus peak memory usage          no_value 
Hostname                           ice08.ee.cooper.edu
