Cadence Genus(TM) Synthesis Solution.
Copyright 2016 Cadence Design Systems, Inc. All rights reserved worldwide.
Cadence and the Cadence logo are registered trademarks and Genus is a trademark
of Cadence Design Systems, Inc. in the United States and other countries.

Version: GENUS15.21 - 15.20-s010_1, built Tue Feb 09 2016
Options: -access rwc Testbench/DSP_tb_2.v 
Date:    Thu Apr 07 11:23:57 2016
Host:    ice06 (x86_64 w/Linux 2.6.32-573.12.1.el6.x86_64) (4*Intel(R) Core(TM) i7-4770 CPU @ 3.40GHz 8192KB)
OS:      CentOS release 6.7 (Final)

Checking out license: Genus_Synthesis

Loading tool scripts...
Sourcing GUI preferences file /afs/ee.cooper.edu/user/k/u/kurutu/.cadence/genus/gui.tcl...
Finished loading tool scripts (7 seconds elapsed).
Cadence Genus(TM) Synthesis Solution.
Copyright 2016 Cadence Design Systems, Inc. All rights reserved worldwide.
Cadence and the Cadence logo are registered trademarks and Genus is a trademark
of Cadence Design Systems, Inc. in the United States and other countries.


Usage: genus [-abort_on_error] [-batch] [-del_scale 10] [-disable_user_startup] [-execute <string>]+ [-files <string>]+ [-help] [-legacy_ui] [-lic_stack <integer>] [-lic_startup <string>] [-lic_startup_options <string>]+ [-log 
          <string>] [-no_gui] [-overwrite] [-version] [-wait <integer>] 

    [-abort_on_error]:
        exit on script error
    [-batch]:
        exit after processing files
    [-del_scale 10]:
        for low frequency designs (below 5kHz)
    [-disable_user_startup]:
        only read master init file
    [-execute <string>]+:
        command string to execute before '-files' processing
    [-files <string>]+:
        execute command file
    [-help]:
        print this message
    [-legacy_ui]:
        start tool with legacy UI
    [-lic_stack <integer>]:
        specify number of licenses for VDI
    [-lic_startup <string>]:
        specifies one of the following licenses
            Genus_Synthesis
            Virtuoso_Digital_Implem
            Virtuoso_Digital_Implem_XL
    [-lic_startup_options <string>]+:
        checkout an option license at startup
            Genus_Low_Power_Opt
            Genus_Physical_Opt
            Vdixl_Capacity_Opt
    [-log <string>]:
        prefix for the .log and .cmd files. If two args are given like
        -log "a b" then the two names are used without any extenstion
        added. If the .log file already exists, an integer is appended
        to all the names to make the files unique.
    [-no_gui]:
        start with GUI disabled
    [-overwrite]:
        overwrite default logfiles
    [-version]:
        return program version information
    [-wait <integer>]:
        queue wait timeout in minutes

Abnormal exit.Abnormal exit.
