Command: report datapath > reports/map/DSP_datapath.rpt
============================================================
  Generated by:           Genus(TM) Synthesis Solution GENUS15.21 - 15.20-s010_1
  Generated on:           Apr 07 2016  04:54:10 pm
  Module:                 DSP
  Interconnect mode:      global
  Area mode:              physical library
============================================================


Inferred components

                     Operator Signedness Inputs Outputs CellArea 
=================================================================
DSP
 alu
  ialu
   add_108_45
    
    module:add_signed
     very_fast           +    signed     32x16  32        575.93 
=================================================================
DSP
 alu
  ialu
   add_109_34
    
    module:add_signed_313
     very_fast           +    signed     16x16  17        290.70 
=================================================================
DSP
 alu
  ialu
   mul_112_34
    
    module:mult_signed
     timing_driven/booth
                         *    signed     16x16  32       3355.02 
=================================================================
DSP
 alu
  ialu
   sll_108_35
    
    module:shift_left_vlog_unsigned
     very_fast/barrel
                        <<    x          32x5   32        745.90 
=================================================================
DSP
 alu
  ialu
   sra_114_35
    
    module:arith_shift_right_vlog_unsigned
     very_fast/barrel
                        >>>   x          32x5   32        227.09 
=================================================================
DSP
 alu
  ialu
   sub_110_35
    
    module:sub_signed
     very_fast           -    signed     16x32  32        580.03 
=================================================================
DSP
 alu
  ialu
   sub_111_35
    
    module:sub_signed_477
     very_fast           -    signed     16x16  17        280.10 
=================================================================
DSP
 alu
  qadd0
   add_184_27
    
    module:add_unsigned_1040
     very_fast           +    unsigned   15x15  15        315.32 
=================================================================
DSP
 alu
  qadd0
   final_adder_sub_192_28
    
    module:add_unsigned_1
     very_fast           +    unsigned   17x17  15        381.67 
=================================================================
DSP
 alu
  qadd0
   final_adder_sub_196_28
    
    module:add_unsigned
     very_fast           +    unsigned   17x17  15        386.12 
=================================================================
DSP
 alu
  qmult0
   mul_153_37
    
    module:mult_unsigned
     timing_driven/booth
                         *    unsigned   15x15  30       3341.00 
=================================================================
DSP
 alu
  sll_29_17
   
   module:shift_left_vlog_unsigned_1124
    very_fast/barrel    <<    x          16x4   16        208.28 
=================================================================
DSP
 alu
  sll_84_51
   
   module:shift_left_vlog_unsigned_68
    slow/barrel         <<    x          32x5   32        260.60 
=================================================================
DSP
 alu
  srl_82_27
   
   module:shift_right_vlog_unsigned
    very_fast/barrel    >>    x          16x4   16        194.94 
=================================================================
DSP
 alu
  srl_85_51
   
   module:shift_right_vlog_unsigned_1631
    slow/barrel         >>    x          32x5   32        259.24 
=================================================================

      Type       CellArea Percentage 
-------------------------------------
datapath modules 11401.94      39.97 
external muxes       0.00       0.00 
others           17121.20      60.03 
-------------------------------------
total            28523.14     100.00 

