============================================================
  Generated by:           Genus(TM) Synthesis Solution GENUS15.21 - 15.20-s010_1
  Generated on:           Apr 07 2016  04:54:08 pm
  Module:                 DSP
  Interconnect mode:      global
  Area mode:              physical library
============================================================

          Instance            Cells  Cell Area  Net Area   Total Area 
----------------------------------------------------------------------
DSP                            9929      28523     10995        39518 
  alu                          5554      14513      6099        20612 
    ialu                       2929       7188      3192        10381 
      mul_112_34               1184       3355      1310         4665 
      sll_108_35                307        746       301         1047 
      sub_110_35                276        580       262          842 
      add_108_45                272        576       257          833 
      add_109_34                144        291       134          425 
      sub_111_35                139        280       130          410 
      sra_114_35                105        227       109          336 
    qmult0                      979       3344      1113         4458 
      mul_153_37                978       3341      1113         4454 
    qadd0                       610       1753       599         2352 
      final_adder_sub_196_28    117        386       105          491 
      final_adder_sub_192_28    115        382       102          484 
      add_184_27                123        315       108          423 
    srl_85_51                   124        259       139          398 
    sll_84_51                   118        261       129          390 
    sll_29_17                   104        208       104          312 
    srl_82_27                    98        195        99          294 
  regFile                      3397      10737      3635        14373 
  dspDecode                     328        628       281          909 
  DECFF                         168        734        97          831 
  ALUFF                         160        716        88          804 
  dspMemoryLogic                161        417       119          536 
  dspFetch                       57        361        52          413 
  IFFF                           44        259        20          279 
  BRFF                           35        117        19          136 
  dspBranch                      21         32         9           41 
