============================================================
  Generated by:           Genus(TM) Synthesis Solution GENUS15.21 - 15.20-s010_1
  Generated on:           Apr 07 2016  04:54:09 pm
  Module:                 DSP
  Interconnect mode:      global
  Area mode:              physical library
============================================================

Timing
--------

Clock Period 
-------------
clk   5000.0 


        Cost          Critical       Violating 
       Group         Path Slack TNS    Paths   
-----------------------------------------------
C2C                        72.7   0          0 
C2O                      4201.6   0          0 
cg_enable_group_clk      1171.7   0          0 
clk                      1883.6   0          0 
default                No paths   0            
I2C                       721.1   0          0 
I2O                      4323.0   0          0 
-----------------------------------------------
Total                             0          0 

Instance Count
--------------
Leaf Instance Count             9929 
Sequential Instance Count        758 
Combinational Instance Count    9171 
Hierarchical Instance Count       61 

Area
----
Cell Area                          28523.142
Physical Cell Area                 0.000
Total Cell Area (Cell+Physical)    28523.142
Net Area                           10994.917
Total Area (Cell+Physical+Net)     39518.059

Runtime                            -15.867 seconds
Elapsed Runtime                    106 seconds
Genus peak memory usage            465.81 
Innovus peak memory usage          no_value 
Hostname                           ice06.ee.cooper.edu
