============================================================
  Generated by:           Genus(TM) Synthesis Solution GENUS15.21 - 15.20-s010_1
  Generated on:           Apr 07 2016  04:54:09 pm
  Module:                 DSP
  Interconnect mode:      global
  Area mode:              physical library
============================================================

                                  
    Gate     Instances    Area        Library    
-------------------------------------------------
ADDFHX1             65    489.060    slow_vdd1v0 
ADDFHX2             41    336.528    slow_vdd1v0 
ADDFHX4              6     57.456    slow_vdd1v0 
ADDFHXL              4     30.096    slow_vdd1v0 
ADDFX1              72    369.360    slow_vdd1v0 
ADDFX2               2     15.732    slow_vdd1v0 
ADDHX1              21     79.002    slow_vdd1v0 
ADDHX2              11     56.430    slow_vdd1v0 
ADDHX4               4     28.728    slow_vdd1v0 
AND2X1            1686   2306.448    slow_vdd1v0 
AND2X2             143    244.530    slow_vdd1v0 
AND2X4              53    145.008    slow_vdd1v0 
AND2X6              38    142.956    slow_vdd1v0 
AND2X8              15     66.690    slow_vdd1v0 
AND3X1              16     38.304    slow_vdd1v0 
AND3X2               4     10.944    slow_vdd1v0 
AND3X4               5     15.390    slow_vdd1v0 
AND3X6               2      8.892    slow_vdd1v0 
AND3XL              29     59.508    slow_vdd1v0 
AND4X1               7     16.758    slow_vdd1v0 
AND4XL               5     11.970    slow_vdd1v0 
AO21X1             182    435.708    slow_vdd1v0 
AO21X2              23     62.928    slow_vdd1v0 
AO21X4              12     41.040    slow_vdd1v0 
AO22X1              82    224.352    slow_vdd1v0 
AO22X2               5     15.390    slow_vdd1v0 
AO22X4               7     26.334    slow_vdd1v0 
AOI211X4             6     38.988    slow_vdd1v0 
AOI21X2            745   2038.320    slow_vdd1v0 
AOI21X4            141    723.330    slow_vdd1v0 
AOI221X4             1      7.866    slow_vdd1v0 
AOI2BB1X2           46    141.588    slow_vdd1v0 
AOI2BB1X4          127    521.208    slow_vdd1v0 
BUFX12               8     41.040    slow_vdd1v0 
BUFX16              17    116.280    slow_vdd1v0 
BUFX2              432    738.720    slow_vdd1v0 
BUFX20              46    377.568    slow_vdd1v0 
BUFX3              180    369.360    slow_vdd1v0 
BUFX4               40     95.760    slow_vdd1v0 
BUFX6              122    375.516    slow_vdd1v0 
BUFX8                7     26.334    slow_vdd1v0 
DFFHQX1             93    508.896    slow_vdd1v0 
DFFHQX2              1      6.840    slow_vdd1v0 
DFFHQX4              4     32.832    slow_vdd1v0 
DFFHQX8             21    193.914    slow_vdd1v0 
DFFQX2               2     12.996    slow_vdd1v0 
DFFQX4              20    143.640    slow_vdd1v0 
DFFRHQX4           511   4893.336    slow_vdd1v0 
DFFTRX2             22    180.576    slow_vdd1v0 
DFFTRXL             34    267.444    slow_vdd1v0 
INVX1              363    248.292    slow_vdd1v0 
INVX12               9     36.936    slow_vdd1v0 
INVX2              299    306.774    slow_vdd1v0 
INVX3              265    362.520    slow_vdd1v0 
INVX4              195    333.450    slow_vdd1v0 
INVX6               76    181.944    slow_vdd1v0 
INVX8               23     70.794    slow_vdd1v0 
INVXL                2      1.368    slow_vdd1v0 
MX2X1              157    375.858    slow_vdd1v0 
MX2X2               26     80.028    slow_vdd1v0 
MX3X1                2     10.260    slow_vdd1v0 
MXI2X2               4     17.784    slow_vdd1v0 
MXI2X4               1      5.130    slow_vdd1v0 
NAND2BX2            56    134.064    slow_vdd1v0 
NAND2BX4            31    116.622    slow_vdd1v0 
NAND2X2            489    836.190    slow_vdd1v0 
NAND2X4            177    605.340    slow_vdd1v0 
NAND2X6             51    244.188    slow_vdd1v0 
NAND2X8             23    125.856    slow_vdd1v0 
NAND2XL              1      1.026    slow_vdd1v0 
NAND3BX4             1      5.130    slow_vdd1v0 
NAND3X8              1      8.208    slow_vdd1v0 
NOR2BX1              2      2.736    slow_vdd1v0 
NOR2BX2             99    270.864    slow_vdd1v0 
NOR2BX4             49    184.338    slow_vdd1v0 
NOR2X2             505    863.550    slow_vdd1v0 
NOR2X4             617   1899.126    slow_vdd1v0 
NOR2X6              79    324.216    slow_vdd1v0 
NOR2X8              20    109.440    slow_vdd1v0 
NOR2XL               1      1.026    slow_vdd1v0 
NOR3BX4              6     34.884    slow_vdd1v0 
NOR3X6               4     28.728    slow_vdd1v0 
OA21X1              57    116.964    slow_vdd1v0 
OA21X2               5     15.390    slow_vdd1v0 
OA21X4               3     11.286    slow_vdd1v0 
OA22X1              18     43.092    slow_vdd1v0 
OA22X2               5     17.100    slow_vdd1v0 
OAI21X2             11     33.858    slow_vdd1v0 
OAI21X4             75    359.100    slow_vdd1v0 
OAI22X4             80    519.840    slow_vdd1v0 
OAI2BB1X2           22     67.716    slow_vdd1v0 
OAI2BB1X4           72    320.112    slow_vdd1v0 
OAI2BB2X2            2     10.944    slow_vdd1v0 
OAI2BB2X4            5     42.750    slow_vdd1v0 
OR2X1              203    277.704    slow_vdd1v0 
OR2X2               84    143.640    slow_vdd1v0 
OR2X4               40    109.440    slow_vdd1v0 
OR2X6               36    135.432    slow_vdd1v0 
OR2X8                2      8.892    slow_vdd1v0 
OR3X1               70    143.640    slow_vdd1v0 
OR3X2                4      9.576    slow_vdd1v0 
OR3X4                1      3.078    slow_vdd1v0 
OR3X6                1      4.788    slow_vdd1v0 
OR4X1               37     75.924    slow_vdd1v0 
SDFFNSRX4            1     16.074    slow_vdd1v0 
SDFFRHQX2           15    148.770    slow_vdd1v0 
SDFFRHQX4            1     12.312    slow_vdd1v0 
TLATNTSCAX2         33    214.434    slow_vdd1v0 
XNOR2X1            146    349.524    slow_vdd1v0 
XNOR2X2             32     98.496    slow_vdd1v0 
XNOR2X4              5     18.810    slow_vdd1v0 
XOR2X1              55    150.480    slow_vdd1v0 
XOR2X2               5     17.100    slow_vdd1v0 
XOR2X4               3     12.312    slow_vdd1v0 
-------------------------------------------------
total             9929  28523.142                


                                                        
            Type             Instances    Area   Area % 
--------------------------------------------------------
sequential                         725  6417.630   22.5 
inverter                          1232  1542.078    5.4 
buffer                             852  2140.578    7.5 
clock_gating_integrated_cell        33   214.434    0.8 
logic                             7087 18208.422   63.8 
physical_cells                       0     0.000    0.0 
--------------------------------------------------------
total                             9929 28523.142  100.0 

