============================================================
  Generated by:           Genus(TM) Synthesis Solution GENUS15.21 - 15.20-s010_1
  Generated on:           Apr 07 2016  01:24:51 pm
  Module:                 DSPFetch
  Interconnect mode:      global
  Area mode:              physical library
============================================================


Path 1: MET (21 ps) Path Delay Check
          Group: I2O
     Startpoint: (F) read_data[0]
       Endpoint: (F) instruction_out[0]

                  Capture    Launch  
     Path Delay:+     200         -  
        Arrival:=     200            
                                     
  Required Time:=     200            
      Data Path:-     179            
          Slack:=      21            

#----------------------------------------------------------------------------------
#   Timing Point     Flags   Arc   Edge   Cell     Fanout Load Trans Delay Arrival 
#                                                         (fF)  (ps)  (ps)   (ps)  
#----------------------------------------------------------------------------------
  read_data[0]       -       -     F     (arrival)      1 51.6   348   179     179 
  instruction_out[0] -       -     F     (port)         -    -     -     0     179 
#----------------------------------------------------------------------------------



Path 2: MET (21 ps) Path Delay Check
          Group: I2O
     Startpoint: (F) read_data[1]
       Endpoint: (F) instruction_out[1]

                  Capture    Launch  
     Path Delay:+     200         -  
        Arrival:=     200            
                                     
  Required Time:=     200            
      Data Path:-     179            
          Slack:=      21            

#----------------------------------------------------------------------------------
#   Timing Point     Flags   Arc   Edge   Cell     Fanout Load Trans Delay Arrival 
#                                                         (fF)  (ps)  (ps)   (ps)  
#----------------------------------------------------------------------------------
  read_data[1]       -       -     F     (arrival)      1 51.6   348   179     179 
  instruction_out[1] -       -     F     (port)         -    -     -     0     179 
#----------------------------------------------------------------------------------



Path 3: MET (21 ps) Path Delay Check
          Group: I2O
     Startpoint: (F) read_data[2]
       Endpoint: (F) instruction_out[2]

                  Capture    Launch  
     Path Delay:+     200         -  
        Arrival:=     200            
                                     
  Required Time:=     200            
      Data Path:-     179            
          Slack:=      21            

#----------------------------------------------------------------------------------
#   Timing Point     Flags   Arc   Edge   Cell     Fanout Load Trans Delay Arrival 
#                                                         (fF)  (ps)  (ps)   (ps)  
#----------------------------------------------------------------------------------
  read_data[2]       -       -     F     (arrival)      1 51.6   348   179     179 
  instruction_out[2] -       -     F     (port)         -    -     -     0     179 
#----------------------------------------------------------------------------------



Path 4: MET (21 ps) Path Delay Check
          Group: I2O
     Startpoint: (F) read_data[3]
       Endpoint: (F) instruction_out[3]

                  Capture    Launch  
     Path Delay:+     200         -  
        Arrival:=     200            
                                     
  Required Time:=     200            
      Data Path:-     179            
          Slack:=      21            

#----------------------------------------------------------------------------------
#   Timing Point     Flags   Arc   Edge   Cell     Fanout Load Trans Delay Arrival 
#                                                         (fF)  (ps)  (ps)   (ps)  
#----------------------------------------------------------------------------------
  read_data[3]       -       -     F     (arrival)      1 51.6   348   179     179 
  instruction_out[3] -       -     F     (port)         -    -     -     0     179 
#----------------------------------------------------------------------------------



Path 5: MET (21 ps) Path Delay Check
          Group: I2O
     Startpoint: (F) read_data[4]
       Endpoint: (F) instruction_out[4]

                  Capture    Launch  
     Path Delay:+     200         -  
        Arrival:=     200            
                                     
  Required Time:=     200            
      Data Path:-     179            
          Slack:=      21            

#----------------------------------------------------------------------------------
#   Timing Point     Flags   Arc   Edge   Cell     Fanout Load Trans Delay Arrival 
#                                                         (fF)  (ps)  (ps)   (ps)  
#----------------------------------------------------------------------------------
  read_data[4]       -       -     F     (arrival)      1 51.6   348   179     179 
  instruction_out[4] -       -     F     (port)         -    -     -     0     179 
#----------------------------------------------------------------------------------



Path 6: MET (21 ps) Path Delay Check
          Group: I2O
     Startpoint: (F) read_data[5]
       Endpoint: (F) instruction_out[5]

                  Capture    Launch  
     Path Delay:+     200         -  
        Arrival:=     200            
                                     
  Required Time:=     200            
      Data Path:-     179            
          Slack:=      21            

#----------------------------------------------------------------------------------
#   Timing Point     Flags   Arc   Edge   Cell     Fanout Load Trans Delay Arrival 
#                                                         (fF)  (ps)  (ps)   (ps)  
#----------------------------------------------------------------------------------
  read_data[5]       -       -     F     (arrival)      1 51.6   348   179     179 
  instruction_out[5] -       -     F     (port)         -    -     -     0     179 
#----------------------------------------------------------------------------------



Path 7: MET (21 ps) Path Delay Check
          Group: I2O
     Startpoint: (F) read_data[6]
       Endpoint: (F) instruction_out[6]

                  Capture    Launch  
     Path Delay:+     200         -  
        Arrival:=     200            
                                     
  Required Time:=     200            
      Data Path:-     179            
          Slack:=      21            

#----------------------------------------------------------------------------------
#   Timing Point     Flags   Arc   Edge   Cell     Fanout Load Trans Delay Arrival 
#                                                         (fF)  (ps)  (ps)   (ps)  
#----------------------------------------------------------------------------------
  read_data[6]       -       -     F     (arrival)      1 51.6   348   179     179 
  instruction_out[6] -       -     F     (port)         -    -     -     0     179 
#----------------------------------------------------------------------------------



Path 8: MET (21 ps) Path Delay Check
          Group: I2O
     Startpoint: (F) read_data[7]
       Endpoint: (F) instruction_out[7]

                  Capture    Launch  
     Path Delay:+     200         -  
        Arrival:=     200            
                                     
  Required Time:=     200            
      Data Path:-     179            
          Slack:=      21            

#----------------------------------------------------------------------------------
#   Timing Point     Flags   Arc   Edge   Cell     Fanout Load Trans Delay Arrival 
#                                                         (fF)  (ps)  (ps)   (ps)  
#----------------------------------------------------------------------------------
  read_data[7]       -       -     F     (arrival)      1 51.6   348   179     179 
  instruction_out[7] -       -     F     (port)         -    -     -     0     179 
#----------------------------------------------------------------------------------



Path 9: MET (21 ps) Path Delay Check
          Group: I2O
     Startpoint: (F) read_data[8]
       Endpoint: (F) instruction_out[8]

                  Capture    Launch  
     Path Delay:+     200         -  
        Arrival:=     200            
                                     
  Required Time:=     200            
      Data Path:-     179            
          Slack:=      21            

#----------------------------------------------------------------------------------
#   Timing Point     Flags   Arc   Edge   Cell     Fanout Load Trans Delay Arrival 
#                                                         (fF)  (ps)  (ps)   (ps)  
#----------------------------------------------------------------------------------
  read_data[8]       -       -     F     (arrival)      1 51.6   348   179     179 
  instruction_out[8] -       -     F     (port)         -    -     -     0     179 
#----------------------------------------------------------------------------------



Path 10: MET (21 ps) Path Delay Check
          Group: I2O
     Startpoint: (F) read_data[9]
       Endpoint: (F) instruction_out[9]

                  Capture    Launch  
     Path Delay:+     200         -  
        Arrival:=     200            
                                     
  Required Time:=     200            
      Data Path:-     179            
          Slack:=      21            

#----------------------------------------------------------------------------------
#   Timing Point     Flags   Arc   Edge   Cell     Fanout Load Trans Delay Arrival 
#                                                         (fF)  (ps)  (ps)   (ps)  
#----------------------------------------------------------------------------------
  read_data[9]       -       -     F     (arrival)      1 51.6   348   179     179 
  instruction_out[9] -       -     F     (port)         -    -     -     0     179 
#----------------------------------------------------------------------------------



Path 11: MET (21 ps) Path Delay Check
          Group: I2O
     Startpoint: (F) read_data[10]
       Endpoint: (F) instruction_out[10]

                  Capture    Launch  
     Path Delay:+     200         -  
        Arrival:=     200            
                                     
  Required Time:=     200            
      Data Path:-     179            
          Slack:=      21            

#-----------------------------------------------------------------------------------
#    Timing Point     Flags   Arc   Edge   Cell     Fanout Load Trans Delay Arrival 
#                                                          (fF)  (ps)  (ps)   (ps)  
#-----------------------------------------------------------------------------------
  read_data[10]       -       -     F     (arrival)      1 51.6   348   179     179 
  instruction_out[10] -       -     F     (port)         -    -     -     0     179 
#-----------------------------------------------------------------------------------



Path 12: MET (21 ps) Path Delay Check
          Group: I2O
     Startpoint: (F) read_data[11]
       Endpoint: (F) instruction_out[11]

                  Capture    Launch  
     Path Delay:+     200         -  
        Arrival:=     200            
                                     
  Required Time:=     200            
      Data Path:-     179            
          Slack:=      21            

#-----------------------------------------------------------------------------------
#    Timing Point     Flags   Arc   Edge   Cell     Fanout Load Trans Delay Arrival 
#                                                          (fF)  (ps)  (ps)   (ps)  
#-----------------------------------------------------------------------------------
  read_data[11]       -       -     F     (arrival)      1 51.6   348   179     179 
  instruction_out[11] -       -     F     (port)         -    -     -     0     179 
#-----------------------------------------------------------------------------------



Path 13: MET (21 ps) Path Delay Check
          Group: I2O
     Startpoint: (F) read_data[12]
       Endpoint: (F) instruction_out[12]

                  Capture    Launch  
     Path Delay:+     200         -  
        Arrival:=     200            
                                     
  Required Time:=     200            
      Data Path:-     179            
          Slack:=      21            

#-----------------------------------------------------------------------------------
#    Timing Point     Flags   Arc   Edge   Cell     Fanout Load Trans Delay Arrival 
#                                                          (fF)  (ps)  (ps)   (ps)  
#-----------------------------------------------------------------------------------
  read_data[12]       -       -     F     (arrival)      1 51.6   348   179     179 
  instruction_out[12] -       -     F     (port)         -    -     -     0     179 
#-----------------------------------------------------------------------------------



Path 14: MET (21 ps) Path Delay Check
          Group: I2O
     Startpoint: (F) read_data[13]
       Endpoint: (F) instruction_out[13]

                  Capture    Launch  
     Path Delay:+     200         -  
        Arrival:=     200            
                                     
  Required Time:=     200            
      Data Path:-     179            
          Slack:=      21            

#-----------------------------------------------------------------------------------
#    Timing Point     Flags   Arc   Edge   Cell     Fanout Load Trans Delay Arrival 
#                                                          (fF)  (ps)  (ps)   (ps)  
#-----------------------------------------------------------------------------------
  read_data[13]       -       -     F     (arrival)      1 51.6   348   179     179 
  instruction_out[13] -       -     F     (port)         -    -     -     0     179 
#-----------------------------------------------------------------------------------



Path 15: MET (21 ps) Path Delay Check
          Group: I2O
     Startpoint: (F) read_data[14]
       Endpoint: (F) instruction_out[14]

                  Capture    Launch  
     Path Delay:+     200         -  
        Arrival:=     200            
                                     
  Required Time:=     200            
      Data Path:-     179            
          Slack:=      21            

#-----------------------------------------------------------------------------------
#    Timing Point     Flags   Arc   Edge   Cell     Fanout Load Trans Delay Arrival 
#                                                          (fF)  (ps)  (ps)   (ps)  
#-----------------------------------------------------------------------------------
  read_data[14]       -       -     F     (arrival)      1 51.6   348   179     179 
  instruction_out[14] -       -     F     (port)         -    -     -     0     179 
#-----------------------------------------------------------------------------------



Path 16: MET (21 ps) Path Delay Check
          Group: I2O
     Startpoint: (F) read_data[15]
       Endpoint: (F) instruction_out[15]

                  Capture    Launch  
     Path Delay:+     200         -  
        Arrival:=     200            
                                     
  Required Time:=     200            
      Data Path:-     179            
          Slack:=      21            

#-----------------------------------------------------------------------------------
#    Timing Point     Flags   Arc   Edge   Cell     Fanout Load Trans Delay Arrival 
#                                                          (fF)  (ps)  (ps)   (ps)  
#-----------------------------------------------------------------------------------
  read_data[15]       -       -     F     (arrival)      1 51.6   348   179     179 
  instruction_out[15] -       -     F     (port)         -    -     -     0     179 
#-----------------------------------------------------------------------------------



Path 17: MET (21 ps) Path Delay Check
          Group: I2O
     Startpoint: (F) read_data[16]
       Endpoint: (F) instruction_out[16]

                  Capture    Launch  
     Path Delay:+     200         -  
        Arrival:=     200            
                                     
  Required Time:=     200            
      Data Path:-     179            
          Slack:=      21            

#-----------------------------------------------------------------------------------
#    Timing Point     Flags   Arc   Edge   Cell     Fanout Load Trans Delay Arrival 
#                                                          (fF)  (ps)  (ps)   (ps)  
#-----------------------------------------------------------------------------------
  read_data[16]       -       -     F     (arrival)      1 51.6   348   179     179 
  instruction_out[16] -       -     F     (port)         -    -     -     0     179 
#-----------------------------------------------------------------------------------



Path 18: MET (21 ps) Path Delay Check
          Group: I2O
     Startpoint: (F) read_data[17]
       Endpoint: (F) instruction_out[17]

                  Capture    Launch  
     Path Delay:+     200         -  
        Arrival:=     200            
                                     
  Required Time:=     200            
      Data Path:-     179            
          Slack:=      21            

#-----------------------------------------------------------------------------------
#    Timing Point     Flags   Arc   Edge   Cell     Fanout Load Trans Delay Arrival 
#                                                          (fF)  (ps)  (ps)   (ps)  
#-----------------------------------------------------------------------------------
  read_data[17]       -       -     F     (arrival)      1 51.6   348   179     179 
  instruction_out[17] -       -     F     (port)         -    -     -     0     179 
#-----------------------------------------------------------------------------------



Path 19: MET (21 ps) Path Delay Check
          Group: I2O
     Startpoint: (F) read_data[18]
       Endpoint: (F) instruction_out[18]

                  Capture    Launch  
     Path Delay:+     200         -  
        Arrival:=     200            
                                     
  Required Time:=     200            
      Data Path:-     179            
          Slack:=      21            

#-----------------------------------------------------------------------------------
#    Timing Point     Flags   Arc   Edge   Cell     Fanout Load Trans Delay Arrival 
#                                                          (fF)  (ps)  (ps)   (ps)  
#-----------------------------------------------------------------------------------
  read_data[18]       -       -     F     (arrival)      1 51.6   348   179     179 
  instruction_out[18] -       -     F     (port)         -    -     -     0     179 
#-----------------------------------------------------------------------------------



Path 20: MET (21 ps) Path Delay Check
          Group: I2O
     Startpoint: (F) read_data[19]
       Endpoint: (F) instruction_out[19]

                  Capture    Launch  
     Path Delay:+     200         -  
        Arrival:=     200            
                                     
  Required Time:=     200            
      Data Path:-     179            
          Slack:=      21            

#-----------------------------------------------------------------------------------
#    Timing Point     Flags   Arc   Edge   Cell     Fanout Load Trans Delay Arrival 
#                                                          (fF)  (ps)  (ps)   (ps)  
#-----------------------------------------------------------------------------------
  read_data[19]       -       -     F     (arrival)      1 51.6   348   179     179 
  instruction_out[19] -       -     F     (port)         -    -     -     0     179 
#-----------------------------------------------------------------------------------



Path 21: MET (21 ps) Path Delay Check
          Group: I2O
     Startpoint: (F) read_data[20]
       Endpoint: (F) instruction_out[20]

                  Capture    Launch  
     Path Delay:+     200         -  
        Arrival:=     200            
                                     
  Required Time:=     200            
      Data Path:-     179            
          Slack:=      21            

#-----------------------------------------------------------------------------------
#    Timing Point     Flags   Arc   Edge   Cell     Fanout Load Trans Delay Arrival 
#                                                          (fF)  (ps)  (ps)   (ps)  
#-----------------------------------------------------------------------------------
  read_data[20]       -       -     F     (arrival)      1 51.6   348   179     179 
  instruction_out[20] -       -     F     (port)         -    -     -     0     179 
#-----------------------------------------------------------------------------------



Path 22: MET (21 ps) Path Delay Check
          Group: I2O
     Startpoint: (F) read_data[21]
       Endpoint: (F) instruction_out[21]

                  Capture    Launch  
     Path Delay:+     200         -  
        Arrival:=     200            
                                     
  Required Time:=     200            
      Data Path:-     179            
          Slack:=      21            

#-----------------------------------------------------------------------------------
#    Timing Point     Flags   Arc   Edge   Cell     Fanout Load Trans Delay Arrival 
#                                                          (fF)  (ps)  (ps)   (ps)  
#-----------------------------------------------------------------------------------
  read_data[21]       -       -     F     (arrival)      1 51.6   348   179     179 
  instruction_out[21] -       -     F     (port)         -    -     -     0     179 
#-----------------------------------------------------------------------------------



Path 23: MET (21 ps) Path Delay Check
          Group: I2O
     Startpoint: (F) read_data[22]
       Endpoint: (F) instruction_out[22]

                  Capture    Launch  
     Path Delay:+     200         -  
        Arrival:=     200            
                                     
  Required Time:=     200            
      Data Path:-     179            
          Slack:=      21            

#-----------------------------------------------------------------------------------
#    Timing Point     Flags   Arc   Edge   Cell     Fanout Load Trans Delay Arrival 
#                                                          (fF)  (ps)  (ps)   (ps)  
#-----------------------------------------------------------------------------------
  read_data[22]       -       -     F     (arrival)      1 51.6   348   179     179 
  instruction_out[22] -       -     F     (port)         -    -     -     0     179 
#-----------------------------------------------------------------------------------



Path 24: MET (21 ps) Path Delay Check
          Group: I2O
     Startpoint: (F) read_data[23]
       Endpoint: (F) instruction_out[23]

                  Capture    Launch  
     Path Delay:+     200         -  
        Arrival:=     200            
                                     
  Required Time:=     200            
      Data Path:-     179            
          Slack:=      21            

#-----------------------------------------------------------------------------------
#    Timing Point     Flags   Arc   Edge   Cell     Fanout Load Trans Delay Arrival 
#                                                          (fF)  (ps)  (ps)   (ps)  
#-----------------------------------------------------------------------------------
  read_data[23]       -       -     F     (arrival)      1 51.6   348   179     179 
  instruction_out[23] -       -     F     (port)         -    -     -     0     179 
#-----------------------------------------------------------------------------------



Path 25: MET (21 ps) Path Delay Check
          Group: I2O
     Startpoint: (F) read_data[24]
       Endpoint: (F) instruction_out[24]

                  Capture    Launch  
     Path Delay:+     200         -  
        Arrival:=     200            
                                     
  Required Time:=     200            
      Data Path:-     179            
          Slack:=      21            

#-----------------------------------------------------------------------------------
#    Timing Point     Flags   Arc   Edge   Cell     Fanout Load Trans Delay Arrival 
#                                                          (fF)  (ps)  (ps)   (ps)  
#-----------------------------------------------------------------------------------
  read_data[24]       -       -     F     (arrival)      1 51.6   348   179     179 
  instruction_out[24] -       -     F     (port)         -    -     -     0     179 
#-----------------------------------------------------------------------------------



Path 26: MET (21 ps) Path Delay Check
          Group: I2O
     Startpoint: (F) read_data[25]
       Endpoint: (F) instruction_out[25]

                  Capture    Launch  
     Path Delay:+     200         -  
        Arrival:=     200            
                                     
  Required Time:=     200            
      Data Path:-     179            
          Slack:=      21            

#-----------------------------------------------------------------------------------
#    Timing Point     Flags   Arc   Edge   Cell     Fanout Load Trans Delay Arrival 
#                                                          (fF)  (ps)  (ps)   (ps)  
#-----------------------------------------------------------------------------------
  read_data[25]       -       -     F     (arrival)      1 51.6   348   179     179 
  instruction_out[25] -       -     F     (port)         -    -     -     0     179 
#-----------------------------------------------------------------------------------



Path 27: MET (21 ps) Path Delay Check
          Group: I2O
     Startpoint: (F) read_data[26]
       Endpoint: (F) instruction_out[26]

                  Capture    Launch  
     Path Delay:+     200         -  
        Arrival:=     200            
                                     
  Required Time:=     200            
      Data Path:-     179            
          Slack:=      21            

#-----------------------------------------------------------------------------------
#    Timing Point     Flags   Arc   Edge   Cell     Fanout Load Trans Delay Arrival 
#                                                          (fF)  (ps)  (ps)   (ps)  
#-----------------------------------------------------------------------------------
  read_data[26]       -       -     F     (arrival)      1 51.6   348   179     179 
  instruction_out[26] -       -     F     (port)         -    -     -     0     179 
#-----------------------------------------------------------------------------------



Path 28: MET (21 ps) Path Delay Check
          Group: I2O
     Startpoint: (F) read_data[27]
       Endpoint: (F) instruction_out[27]

                  Capture    Launch  
     Path Delay:+     200         -  
        Arrival:=     200            
                                     
  Required Time:=     200            
      Data Path:-     179            
          Slack:=      21            

#-----------------------------------------------------------------------------------
#    Timing Point     Flags   Arc   Edge   Cell     Fanout Load Trans Delay Arrival 
#                                                          (fF)  (ps)  (ps)   (ps)  
#-----------------------------------------------------------------------------------
  read_data[27]       -       -     F     (arrival)      1 51.6   348   179     179 
  instruction_out[27] -       -     F     (port)         -    -     -     0     179 
#-----------------------------------------------------------------------------------



Path 29: MET (21 ps) Path Delay Check
          Group: I2O
     Startpoint: (F) read_data[28]
       Endpoint: (F) instruction_out[28]

                  Capture    Launch  
     Path Delay:+     200         -  
        Arrival:=     200            
                                     
  Required Time:=     200            
      Data Path:-     179            
          Slack:=      21            

#-----------------------------------------------------------------------------------
#    Timing Point     Flags   Arc   Edge   Cell     Fanout Load Trans Delay Arrival 
#                                                          (fF)  (ps)  (ps)   (ps)  
#-----------------------------------------------------------------------------------
  read_data[28]       -       -     F     (arrival)      1 51.6   348   179     179 
  instruction_out[28] -       -     F     (port)         -    -     -     0     179 
#-----------------------------------------------------------------------------------



Path 30: MET (21 ps) Path Delay Check
          Group: I2O
     Startpoint: (F) read_data[29]
       Endpoint: (F) instruction_out[29]

                  Capture    Launch  
     Path Delay:+     200         -  
        Arrival:=     200            
                                     
  Required Time:=     200            
      Data Path:-     179            
          Slack:=      21            

#-----------------------------------------------------------------------------------
#    Timing Point     Flags   Arc   Edge   Cell     Fanout Load Trans Delay Arrival 
#                                                          (fF)  (ps)  (ps)   (ps)  
#-----------------------------------------------------------------------------------
  read_data[29]       -       -     F     (arrival)      1 51.6   348   179     179 
  instruction_out[29] -       -     F     (port)         -    -     -     0     179 
#-----------------------------------------------------------------------------------



Path 31: MET (21 ps) Path Delay Check
          Group: I2O
     Startpoint: (F) read_data[30]
       Endpoint: (F) instruction_out[30]

                  Capture    Launch  
     Path Delay:+     200         -  
        Arrival:=     200            
                                     
  Required Time:=     200            
      Data Path:-     179            
          Slack:=      21            

#-----------------------------------------------------------------------------------
#    Timing Point     Flags   Arc   Edge   Cell     Fanout Load Trans Delay Arrival 
#                                                          (fF)  (ps)  (ps)   (ps)  
#-----------------------------------------------------------------------------------
  read_data[30]       -       -     F     (arrival)      1 51.6   348   179     179 
  instruction_out[30] -       -     F     (port)         -    -     -     0     179 
#-----------------------------------------------------------------------------------



Path 32: MET (21 ps) Path Delay Check
          Group: I2O
     Startpoint: (F) read_data[31]
       Endpoint: (F) instruction_out[31]

                  Capture    Launch  
     Path Delay:+     200         -  
        Arrival:=     200            
                                     
  Required Time:=     200            
      Data Path:-     179            
          Slack:=      21            

#-----------------------------------------------------------------------------------
#    Timing Point     Flags   Arc   Edge   Cell     Fanout Load Trans Delay Arrival 
#                                                          (fF)  (ps)  (ps)   (ps)  
#-----------------------------------------------------------------------------------
  read_data[31]       -       -     F     (arrival)      1 51.6   348   179     179 
  instruction_out[31] -       -     F     (port)         -    -     -     0     179 
#-----------------------------------------------------------------------------------

Some unconstrained paths have not been displayed.
Use -unconstrained or set the root attribute 'timing_report_unconstrained' to 'true' to see only these unconstrained paths.

