============================================================
  Generated by:           Genus(TM) Synthesis Solution GENUS15.21 - 15.20-s010_1
  Generated on:           Apr 07 2016  01:24:51 pm
  Module:                 DSPFetch
  Interconnect mode:      global
  Area mode:              physical library
============================================================

                              
   Gate    Instances   Area       Library    
---------------------------------------------
ADDHX1            14   52.668    slow_vdd1v0 
INVXL              2    1.368    slow_vdd1v0 
SDFFRHQX8         16  213.408    slow_vdd1v0 
XOR2X1             1    2.736    slow_vdd1v0 
---------------------------------------------
total             33  270.180                


                                        
     Type      Instances   Area  Area % 
----------------------------------------
sequential            16 213.408   79.0 
inverter               2   1.368    0.5 
logic                 15  55.404   20.5 
physical_cells         0   0.000    0.0 
----------------------------------------
total                 33 270.180  100.0 

