============================================================
  Generated by:           Genus(TM) Synthesis Solution GENUS15.21 - 15.20-s010_1
  Generated on:           Apr 07 2016  01:24:49 pm
  Module:                 DSPFetch
  Interconnect mode:      global
  Area mode:              physical library
============================================================

Timing
-------
  Cost    Critical       Violating 
 Group   Path Slack TNS    Paths   
-----------------------------------
C2C        No paths   0            
C2O        No paths   0            
default    No paths   0            
I2C        No paths   0            
I2O            20.9   0          0 
-----------------------------------
Total                 0          0 

Instance Count
--------------
Leaf Instance Count             98 
Sequential Instance Count       16 
Combinational Instance Count    82 
Hierarchical Instance Count      0 

Area
----
Cell Area                          363.130
Physical Cell Area                 0.000
Total Cell Area (Cell+Physical)    363.130
Net Area                           35.579
Total Area (Cell+Physical+Net)     398.709

Runtime                            0.000 seconds
Elapsed Runtime                    10 seconds
Genus peak memory usage            392.11 
Innovus peak memory usage          no_value 
Hostname                           ice06.ee.cooper.edu
