Command: report datapath > reports/generic/DSP_datapath.rpt
============================================================
  Generated by:           Genus(TM) Synthesis Solution GENUS15.21 - 15.20-s010_1
  Generated on:           Apr 07 2016  11:04:45 pm
  Module:                 DSP
  Interconnect mode:      global
  Area mode:              physical library
============================================================


Inferred components

                     Operator Signedness Inputs Outputs CellArea 
=================================================================
DSP
 alu
  ialu
   add_114_45
    
    module:add_signed
     very_fast           +    signed     32x16  32        954.33 
=================================================================
DSP
 alu
  ialu
   add_115_34
    
    module:add_signed_313
     very_fast           +    signed     16x16  17        420.47 
=================================================================
DSP
 alu
  ialu
   mul_118_34
    
    module:mult_signed
     very_fast/booth     *    signed     16x16  32       3954.93 
=================================================================
DSP
 alu
  ialu
   sll_114_35
    
    module:shift_left_vlog_unsigned
     very_fast/barrel
                        <<    x          32x5   32        528.77 
=================================================================
DSP
 alu
  ialu
   sll_116_40
    
    module:shift_left_vlog_unsigned
     very_fast/barrel
                        <<    x          32x5   32        528.77 
=================================================================
DSP
 alu
  ialu
   sll_121_35
    
    module:shift_left_vlog_unsigned
     very_fast/barrel
                        <<    x          32x5   32        528.77 
=================================================================
DSP
 alu
  ialu
   sra_120_35
    
    module:arith_shift_right_vlog_unsigned
     very_fast/barrel
                        >>>   x          32x5   32        388.61 
=================================================================
DSP
 alu
  ialu
   sub_116_35
    
    module:sub_signed
     very_fast           -    signed     16x32  32        993.83 
=================================================================
DSP
 alu
  ialu
   sub_117_35
    
    module:sub_signed_477
     very_fast           -    signed     16x16  17        439.58 
=================================================================
DSP
 alu
  qadd0
   add_190_27
    
    module:add_unsigned_1040
     very_fast           +    unsigned   15x15  15        349.11 
=================================================================
DSP
 alu
  qadd0
   final_adder_sub_198_28
    
    module:add_unsigned_1
     very_fast           +    unsigned   17x17  15        350.39 
=================================================================
DSP
 alu
  qadd0
   final_adder_sub_202_28
    
    module:add_unsigned
     very_fast           +    unsigned   17x17  15        350.39 
=================================================================
DSP
 alu
  qmult0
   mul_159_37
    
    module:mult_unsigned
     very_fast/booth     *    unsigned   15x15  30       3772.73 
=================================================================
DSP
 alu
  sll_35_17
   
   module:shift_left_vlog_unsigned_1124
    very_fast/barrel    <<    x          16x4   16        293.05 
=================================================================
DSP
 alu
  sll_89_27
   
   module:shift_left_vlog_unsigned_1124
    very_fast/barrel    <<    x          16x4   16        293.05 
=================================================================
DSP
 alu
  sll_90_51
   
   module:shift_left_vlog_unsigned_68
    very_fast/barrel    <<    x          32x5   32        544.06 
=================================================================
DSP
 alu
  srl_88_27
   
   module:shift_right_vlog_unsigned
    very_fast/barrel    >>    x          16x4   16        293.05 
=================================================================
DSP
 alu
  srl_91_51
   
   module:shift_right_vlog_unsigned_1631
    very_fast/barrel    >>    x          32x5   32        544.06 
=================================================================

      Type       CellArea Percentage 
-------------------------------------
datapath modules 15527.93      49.05 
external muxes       0.00       0.00 
others           16130.98      50.95 
-------------------------------------
total            31658.91     100.00 

