============================================================
  Generated by:           Genus(TM) Synthesis Solution GENUS15.21 - 15.20-s010_1
  Generated on:           Apr 07 2016  11:04:46 pm
  Module:                 DSP
  Interconnect mode:      global
  Area mode:              physical library
============================================================

                                
    Gate     Instances   Area       Library    
-----------------------------------------------
TLATNTSCAX2         33  214.434    slow_vdd1v0 
-----------------------------------------------
total               33  214.434                


                                                      
            Type             Instances   Area  Area % 
------------------------------------------------------
sequential                         741   0.000    0.0 
inverter                          1216   0.000    0.0 
clock_gating_integrated_cell        33 214.434  100.0 
logic                             6159   0.000    0.0 
physical_cells                       0   0.000    0.0 
------------------------------------------------------
total                             8149 214.434  100.0 

