============================================================
  Generated by:           Genus(TM) Synthesis Solution GENUS15.21 - 15.20-s010_1
  Generated on:           Apr 07 2016  11:04:46 pm
  Module:                 DSP
  Interconnect mode:      global
  Area mode:              physical library
============================================================

Timing
--------

Clock Period 
-------------
clk   5000.0 


        Cost          Critical             Violating 
       Group         Path Slack    TNS       Paths   
-----------------------------------------------------
C2C                      -351.8      -491          3 
C2O                      -110.9     -4990         45 
cg_enable_group_clk      1534.5         0          0 
clk                      1639.1         0          0 
default                No paths         0            
I2C                      -609.6   -233421        512 
I2O                      1572.7         0          0 
-----------------------------------------------------
Total                             -238903        560 

Instance Count
--------------
Leaf Instance Count             8149 
Sequential Instance Count        774 
Combinational Instance Count    7375 
Hierarchical Instance Count       64 

Area
----
Cell Area                          31658.910
Physical Cell Area                 0.000
Total Cell Area (Cell+Physical)    31658.910
Net Area                           70.873
Total Area (Cell+Physical+Net)     31729.783

Runtime                            0.000 seconds
Elapsed Runtime                    27 seconds
Genus peak memory usage            388.47 
Innovus peak memory usage          no_value 
Hostname                           ice08.ee.cooper.edu
