============================================================
  Generated by:           Genus(TM) Synthesis Solution GENUS15.21 - 15.20-s010_1
  Generated on:           Apr 07 2016  11:04:45 pm
  Module:                 DSP
  Interconnect mode:      global
  Area mode:              physical library
============================================================

          Instance            Cells  Cell Area  Net Area   Total Area 
----------------------------------------------------------------------
DSP                            8149      31659        71        31730 
  alu                          6549      18720         0        18720 
    ialu                       3519       9877         0         9877 
      mul_118_34               1572       3955         0         3955 
      sub_116_35                459        994         0          994 
      add_114_45                428        954         0          954 
      sll_121_35                123        529         0          529 
      sll_116_40                123        529         0          529 
      sll_114_35                123        529         0          529 
      sub_117_35                202        440         0          440 
      add_115_34                187        420         0          420 
      sra_120_35                 80        389         0          389 
    qmult0                     1496       3775         0         3775 
      mul_159_37               1495       3773         0         3773 
    qadd0                       779       1848         0         1848 
      final_adder_sub_202_28    155        350         0          350 
      final_adder_sub_198_28    155        350         0          350 
      add_190_27                154        349         0          349 
    srl_91_51                   126        544         0          544 
    sll_90_51                   126        544         0          544 
    srl_88_27                    68        293         0          293 
    sll_89_27                    68        293         0          293 
    sll_35_17                    68        293         0          293 
  regFile                       757       9159        24         9182 
  dspDecode                     291        965         0          965 
  DECFF                          87        776         0          776 
  ALUFF                          77        687         0          687 
  dspMemoryLogic                191        447         0          447 
  dspFetch                      102        373         1          374 
  IFFF                           32        285         0          285 
  BRFF                           17        152         0          152 
  dspBranch                      43         85         0           85 
