============================================================
  Generated by:           Genus(TM) Synthesis Solution GENUS15.21 - 15.20-s010_1
  Generated on:           Apr 07 2016  11:07:05 pm
  Module:                 DSP
  Interconnect mode:      global
  Area mode:              physical library
============================================================

        Instance         Cells  Cell Area  Net Area   Total Area 
-----------------------------------------------------------------
DSP                      10315      26826     11316        38142 
  regFile                 4372       9950      4330        14280 
  alu_ialu_mul_118_34      949       3079      1106         4185 
  alu_qmult0_mul_159_37    928       2952      1098         4050 
  ALUFF                    149        793        76          870 
  DECFF                    146        787        72          858 
  dspDecode                319        580       276          857 
  alu_ialu_sll_114_35      216        533       230          763 
  alu_ialu_sll_116_40      209        494       223          717 
  dspMemoryLogic            97        300        82          383 
  IFFF                      48        266        23          289 
  BRFF                      37        120        20          141 
