============================================================
  Generated by:           Genus(TM) Synthesis Solution GENUS15.21 - 15.20-s010_1
  Generated on:           Apr 07 2016  11:07:06 pm
  Module:                 DSP
  Interconnect mode:      global
  Area mode:              physical library
============================================================

                                  
    Gate     Instances    Area        Library    
-------------------------------------------------
ADDFHX1             61    458.964    slow_vdd1v0 
ADDFHX2             40    328.320    slow_vdd1v0 
ADDFHX4              5     47.880    slow_vdd1v0 
ADDFHXL              3     22.572    slow_vdd1v0 
ADDFX1              86    441.180    slow_vdd1v0 
ADDFX2               4     31.464    slow_vdd1v0 
ADDHX1              23     86.526    slow_vdd1v0 
ADDHX2               7     35.910    slow_vdd1v0 
ADDHX4               6     43.092    slow_vdd1v0 
AND2X1            1508   2062.944    slow_vdd1v0 
AND2X2             131    224.010    slow_vdd1v0 
AND2X4              63    172.368    slow_vdd1v0 
AND2X6              28    105.336    slow_vdd1v0 
AND2X8               7     31.122    slow_vdd1v0 
AND3X1              15     35.910    slow_vdd1v0 
AND3X2               2      5.472    slow_vdd1v0 
AND3X4               1      3.078    slow_vdd1v0 
AND3X6               1      4.446    slow_vdd1v0 
AND3XL              15     30.780    slow_vdd1v0 
AND4X1              13     31.122    slow_vdd1v0 
AND4XL               2      4.788    slow_vdd1v0 
AO21X1             139    332.766    slow_vdd1v0 
AO21X2               9     24.624    slow_vdd1v0 
AO21X4               8     27.360    slow_vdd1v0 
AO22X1              71    194.256    slow_vdd1v0 
AO22X2              13     40.014    slow_vdd1v0 
AO22X4               8     30.096    slow_vdd1v0 
AOI211X4             5     32.490    slow_vdd1v0 
AOI21X2            704   1926.144    slow_vdd1v0 
AOI21X4            175    897.750    slow_vdd1v0 
AOI22X4              4     24.624    slow_vdd1v0 
AOI2BB1X2           94    289.332    slow_vdd1v0 
AOI2BB1X4           80    328.320    slow_vdd1v0 
BUFX12               9     46.170    slow_vdd1v0 
BUFX16               2     13.680    slow_vdd1v0 
BUFX2              361    617.310    slow_vdd1v0 
BUFX20              53    435.024    slow_vdd1v0 
BUFX3              206    422.712    slow_vdd1v0 
BUFX4               44    105.336    slow_vdd1v0 
BUFX6              109    335.502    slow_vdd1v0 
BUFX8                1      3.762    slow_vdd1v0 
DFFHQX1             43    235.296    slow_vdd1v0 
DFFHQX4             50    410.400    slow_vdd1v0 
DFFHQX8              5     46.170    slow_vdd1v0 
DFFQX2               5     32.490    slow_vdd1v0 
DFFQX4               6     43.092    slow_vdd1v0 
DFFRHQX1           511   3145.716    slow_vdd1v0 
DFFTRX2             40    328.320    slow_vdd1v0 
DFFTRX4             16    175.104    slow_vdd1v0 
DFFTRXL             48    377.568    slow_vdd1v0 
INVX1              953    651.852    slow_vdd1v0 
INVX12              25    102.600    slow_vdd1v0 
INVX16               2     10.944    slow_vdd1v0 
INVX2              732    751.032    slow_vdd1v0 
INVX20              16    103.968    slow_vdd1v0 
INVX3              241    329.688    slow_vdd1v0 
INVX4              122    208.620    slow_vdd1v0 
INVX6               60    143.640    slow_vdd1v0 
INVX8               25     76.950    slow_vdd1v0 
MX2X1               33     79.002    slow_vdd1v0 
MX2X2               29     89.262    slow_vdd1v0 
MXI2X2               2      8.892    slow_vdd1v0 
MXI2X4               2     10.260    slow_vdd1v0 
MXI2X6               1      5.130    slow_vdd1v0 
NAND2BX2            66    158.004    slow_vdd1v0 
NAND2BX4            28    105.336    slow_vdd1v0 
NAND2X2            468    800.280    slow_vdd1v0 
NAND2X4            142    485.640    slow_vdd1v0 
NAND2X6             67    320.796    slow_vdd1v0 
NAND2X8             18     98.496    slow_vdd1v0 
NOR2BX2            142    388.512    slow_vdd1v0 
NOR2BX4             60    225.720    slow_vdd1v0 
NOR2X2             283    483.930    slow_vdd1v0 
NOR2X4             261    803.358    slow_vdd1v0 
NOR2X6              77    316.008    slow_vdd1v0 
NOR2X8              19    103.968    slow_vdd1v0 
NOR3X4               1      5.130    slow_vdd1v0 
NOR3X6               2     14.364    slow_vdd1v0 
NOR3X8               1      8.892    slow_vdd1v0 
OA21X1             106    217.512    slow_vdd1v0 
OA21X2              17     52.326    slow_vdd1v0 
OA21X4               1      3.762    slow_vdd1v0 
OA22X1             227    543.438    slow_vdd1v0 
OA22X2              60    205.200    slow_vdd1v0 
OA22X4              78    320.112    slow_vdd1v0 
OAI21X2             19     58.482    slow_vdd1v0 
OAI21X4             89    426.132    slow_vdd1v0 
OAI22X4             80    519.840    slow_vdd1v0 
OAI2BB1X2           80    246.240    slow_vdd1v0 
OAI2BB1X4           48    213.408    slow_vdd1v0 
OAI31X4              2     13.680    slow_vdd1v0 
OR2X1              212    290.016    slow_vdd1v0 
OR2X2              102    174.420    slow_vdd1v0 
OR2X4               47    128.592    slow_vdd1v0 
OR2X6               17     63.954    slow_vdd1v0 
OR2X8                1      4.446    slow_vdd1v0 
OR3X1               52    106.704    slow_vdd1v0 
OR3X2                8     19.152    slow_vdd1v0 
OR3X4                5     15.390    slow_vdd1v0 
OR3X6                2      9.576    slow_vdd1v0 
OR4X1               37     75.924    slow_vdd1v0 
OR4X4                1      3.762    slow_vdd1v0 
SDFFNSRXL            1     13.680    slow_vdd1v0 
SDFFRHQX4            7     86.184    slow_vdd1v0 
SDFFRHQX8            9    120.042    slow_vdd1v0 
TLATNTSCAX2         33    214.434    slow_vdd1v0 
XNOR2X1            160    383.040    slow_vdd1v0 
XNOR2X2             18     55.404    slow_vdd1v0 
XNOR2X4              1      3.762    slow_vdd1v0 
XOR2X1              66    180.576    slow_vdd1v0 
XOR2X2              11     37.620    slow_vdd1v0 
-------------------------------------------------
total            10315  26825.796                


                                                        
            Type             Instances    Area   Area % 
--------------------------------------------------------
sequential                         741  5014.062   18.7 
inverter                          2176  2379.294    8.9 
buffer                             785  1979.496    7.4 
clock_gating_integrated_cell        33   214.434    0.8 
logic                             6580 17238.510   64.3 
physical_cells                       0     0.000    0.0 
--------------------------------------------------------
total                            10315 26825.796  100.0 

