============================================================
  Generated by:           Genus(TM) Synthesis Solution GENUS15.21 - 15.20-s010_1
  Generated on:           Apr 07 2016  11:07:06 pm
  Module:                 DSP
  Interconnect mode:      global
  Area mode:              physical library
============================================================

Timing
--------

Clock Period 
-------------
clk   5000.0 


        Cost          Critical             Violating 
       Group         Path Slack    TNS       Paths   
-----------------------------------------------------
C2C                         0.0         0          0 
C2O                       -91.2     -4104         45 
cg_enable_group_clk      1345.1         0          0 
clk                      1524.9         0          0 
default                No paths         0            
I2C                      -248.8   -114117        512 
I2O                      1514.7         0          0 
-----------------------------------------------------
Total                             -118221        557 

Instance Count
--------------
Leaf Instance Count             10315 
Sequential Instance Count         774 
Combinational Instance Count     9541 
Hierarchical Instance Count        44 

Area
----
Cell Area                          26825.796
Physical Cell Area                 0.000
Total Cell Area (Cell+Physical)    26825.796
Net Area                           11316.116
Total Area (Cell+Physical+Net)     38141.912

Runtime                            -18.418 seconds
Elapsed Runtime                    167 seconds
Genus peak memory usage            448.79 
Innovus peak memory usage          no_value 
Hostname                           ice08.ee.cooper.edu
