============================================================
  Generated by:           Genus(TM) Synthesis Solution GENUS15.21 - 15.20-s010_1
  Generated on:           Apr 07 2016  04:54:57 pm
  Module:                 DSP
  Interconnect mode:      global
  Area mode:              physical library
============================================================


Path 1: MET (0 ps) Setup Check with Pin ALUFF/q_reg[13]/CK->D
          Group: C2C
     Startpoint: (R) DECFF/q_reg[53]/CK
          Clock: (R) clk
       Endpoint: (F) ALUFF/q_reg[13]/D
          Clock: (R) clk

                     Capture       Launch     
        Clock Edge:+    5000            0     
       Src Latency:+       0            0     
       Net Latency:+       0 (I)        0 (I) 
           Arrival:=    5000            0     
                                              
             Setup:-     102                  
       Uncertainty:-     200                  
     Required Time:=    4698                  
      Launch Clock:-       0                  
         Data Path:-    4698                  
             Slack:=       0                  

#----------------------------------------------------------------------------------------------------
#            Timing Point             Flags    Arc   Edge   Cell     Fanout Load Trans Delay Arrival 
#                                                                           (fF)  (ps)  (ps)   (ps)  
#----------------------------------------------------------------------------------------------------
  DECFF/q_reg[53]/CK                  -       -      R     (arrival)    202    -     0     -       0 
  DECFF/q_reg[53]/Q                   -       CK->Q  F     DFFHQX4        8 10.6    84   256     256 
  alu/ialu/mul_112_34/drc_bufs13508/Y -       A->Y   R     INVX2          2  4.4    64    77     333 
  alu/ialu/mul_112_34/drc_bufs/Y      -       A->Y   F     INVX3          4  6.0    69    71     404 
  alu/ialu/mul_112_34/g13376/Y        -       A->Y   R     INVX4          8  8.7    61    65     468 
  alu/ialu/mul_112_34/g14973/Y        -       A1->Y  R     OA22X2         2  3.4    71   244     713 
  alu/ialu/mul_112_34/g12827/Y        -       B->Y   F     NOR2X2         1  2.3    55    66     779 
  alu/ialu/mul_112_34/g14877/Y        -       B0->Y  R     AOI2BB1X2      1  2.4    83    90     869 
  alu/ialu/mul_112_34/g12461/S        -       B->S   F     ADDFX1         1  2.4    87   344    1213 
  alu/ialu/mul_112_34/g12429/S        -       CI->S  R     ADDFHX2        2  2.8    71   345    1558 
  alu/ialu/mul_112_34/g14783/Y        -       B->Y   R     AND2X2         3  6.6    98   218    1776 
  alu/ialu/mul_112_34/g12362/Y        -       A->Y   F     NOR3X6         1  3.0    54    82    1857 
  alu/ialu/mul_112_34/g12353/Y        -       A->Y   R     NOR2X4         1  2.4    59    69    1926 
  alu/ialu/mul_112_34/g12306/CO       -       CI->CO R     ADDFHX2        2  4.2    80   220    2146 
  alu/ialu/mul_112_34/g12294/Y        -       B->Y   F     NOR2X4         1  3.8    49    65    2212 
  alu/ialu/mul_112_34/g12290/Y        -       B->Y   R     NOR2X6         3  5.4    67    63    2274 
  alu/ialu/mul_112_34/g12270/Y        -       B->Y   F     NOR2X4         1  3.8    48    59    2333 
  alu/ialu/mul_112_34/g12256/Y        -       B->Y   R     NOR2X6         3  5.4    67    63    2396 
  alu/ialu/mul_112_34/g12235/Y        -       B->Y   F     NOR2X4         1  3.8    48    59    2455 
  alu/ialu/mul_112_34/g12224/Y        -       B->Y   R     NOR2X6         3  5.4    67    63    2518 
  alu/ialu/mul_112_34/g12221/Y        -       B->Y   F     NOR2X4         1  4.5    58    61    2579 
  alu/ialu/mul_112_34/g12216/Y        -       B->Y   R     NOR2X8         4  9.2    79    73    2652 
  alu/ialu/mul_112_34/g12209/Y        -       A1->Y  F     OAI21X4        2  3.5    99   108    2760 
  alu/ialu/mul_112_34/g12202/Y        -       A1->Y  R     AOI21X2        1  2.0    80   110    2869 
  alu/ialu/mul_112_34/drc_bufs14150/Y -       A->Y   R     BUFX3          1  2.0    29   104    2974 
  alu/ialu/mul_112_34/g12196/Y        -       B->Y   F     XNOR2X1        1  3.1    95   163    3137 
  alu/ialu/g5818/Y                    -       A1->Y  R     AOI21X4        1  2.0    60    90    3227 
  alu/ialu/drc_bufs6537/Y             -       A->Y   R     BUFX3          2  4.0    42   102    3329 
  alu/ialu/g5784/Y                    -       A->Y   F     NAND2X2        1  2.3    98    94    3422 
  alu/ialu/g5770/Y                    -       B->Y   R     NOR2X2         1  3.2   105   110    3532 
  alu/ialu/g5767/Y                    -       B->Y   F     NAND2X4        1  2.3    78    97    3629 
  alu/ialu/g5766/Y                    -       B->Y   R     NOR2X2         1  2.4    86    89    3718 
  alu/ialu/g5763/Y                    -       B->Y   F     NAND2X2        1  1.8    91   100    3818 
  alu/ialu/g5761/Y                    -       B->Y   F     OR2X1          1  2.3    74   155    3973 
  alu/ialu/g5760/Y                    -       B->Y   R     NOR2X2         1  2.4    85    87    4060 
  alu/ialu/g5758/Y                    -       B->Y   R     OR2X6          6 11.1    55   123    4183 
  alu/ialu/g5754/Y                    -       A->Y   F     INVX2          5  5.8    90    80    4263 
  alu/ialu/g6875/Y                    -       B0->Y  F     AO21X1         1  1.8    63   158    4421 
  alu/g3471/Y                         -       A->Y   F     AND2X1         1  3.0    88   117    4538 
  alu/g3416/Y                         -       B->Y   R     NOR2X4         1  2.4    58    74    4612 
  alu/g3398/Y                         -       B->Y   F     NAND2X2        1  1.8    88    86    4698 
  ALUFF/q_reg[13]/D                   -       -      F     DFFTRXL        1    -     -     0    4698 
#----------------------------------------------------------------------------------------------------

