Command: report datapath > reports/DSP_datapath_incr.rpt
============================================================
  Generated by:           Genus(TM) Synthesis Solution GENUS15.21 - 15.20-s010_1
  Generated on:           Apr 07 2016  04:54:58 pm
  Module:                 DSP
  Interconnect mode:      global
  Area mode:              physical library
============================================================


Inferred components

                     Operator Signedness Inputs Outputs CellArea 
=================================================================
DSP
 alu
  ialu
   add_108_45
    
    module:add_signed
     very_fast           +    signed     32x16  32        558.83 
=================================================================
DSP
 alu
  ialu
   add_109_34
    
    module:add_signed_313
     very_fast           +    signed     16x16  17        265.73 
=================================================================
DSP
 alu
  ialu
   mul_112_34
    
    module:mult_signed
     timing_driven/booth
                         *    signed     16x16  32       2468.90 
=================================================================
DSP
 alu
  ialu
   sll_108_35
    
    module:shift_left_vlog_unsigned
     very_fast/barrel
                        <<    x          32x5   32        496.58 
=================================================================
DSP
 alu
  ialu
   sra_114_35
    
    module:arith_shift_right_vlog_unsigned
     very_fast/barrel
                        >>>   x          32x5   32        200.07 
=================================================================
DSP
 alu
  ialu
   sub_110_35
    
    module:sub_signed
     very_fast           -    signed     16x32  32        567.38 
=================================================================
DSP
 alu
  ialu
   sub_111_35
    
    module:sub_signed_477
     very_fast           -    signed     16x16  17        261.97 
=================================================================
DSP
 alu
  qadd0
   add_184_27
    
    module:add_unsigned_1040
     very_fast           +    unsigned   15x15  15        302.67 
=================================================================
DSP
 alu
  qadd0
   final_adder_sub_192_28
    
    module:add_unsigned_1
     very_fast           +    unsigned   17x17  15        363.55 
=================================================================
DSP
 alu
  qadd0
   final_adder_sub_196_28
    
    module:add_unsigned
     very_fast           +    unsigned   17x17  15        324.22 
=================================================================
DSP
 alu
  qmult0
   mul_153_37
    
    module:mult_unsigned
     timing_driven/booth
                         *    unsigned   15x15  30       2942.57 
=================================================================
DSP
 alu
  sll_29_17
   
   module:shift_left_vlog_unsigned_1124
    very_fast/barrel    <<    x          16x4   16        179.55 
=================================================================
DSP
 alu
  sll_84_51
   
   module:shift_left_vlog_unsigned_68
    slow/barrel         <<    x          32x5   32        225.72 
=================================================================
DSP
 alu
  srl_82_27
   
   module:shift_right_vlog_unsigned
    very_fast/barrel    >>    x          16x4   16        165.87 
=================================================================
DSP
 alu
  srl_85_51
   
   module:shift_right_vlog_unsigned_1631
    slow/barrel         >>    x          32x5   32        223.33 
=================================================================

      Type       CellArea Percentage 
-------------------------------------
datapath modules  9546.93      37.50 
external muxes       0.00       0.00 
others           15910.52      62.50 
-------------------------------------
total            25457.45     100.00 

