============================================================
  Generated by:           Genus(TM) Synthesis Solution GENUS15.21 - 15.20-s010_1
  Generated on:           Apr 07 2016  04:54:58 pm
  Module:                 DSP
  Interconnect mode:      global
  Area mode:              physical library
============================================================

Timing
--------

Clock Period 
-------------
clk   5000.0 


        Cost          Critical       Violating 
       Group         Path Slack TNS    Paths   
-----------------------------------------------
C2C                         0.1   0          0 
C2O                      4172.6   0          0 
cg_enable_group_clk      1274.1   0          0 
clk                      1981.2   0          0 
default                No paths   0            
I2C                       611.0   0          0 
I2O                      4323.0   0          0 
-----------------------------------------------
Total                             0          0 

Instance Count
--------------
Leaf Instance Count             9032 
Sequential Instance Count        758 
Combinational Instance Count    8274 
Hierarchical Instance Count       61 

Area
----
Cell Area                          25457.454
Physical Cell Area                 0.000
Total Cell Area (Cell+Physical)    25457.454
Net Area                           10309.090
Total Area (Cell+Physical+Net)     35766.544

Runtime                            -15.867 seconds
Elapsed Runtime                    155 seconds
Genus peak memory usage            465.81 
Innovus peak memory usage          no_value 
Hostname                           ice06.ee.cooper.edu
