============================================================
  Generated by:           Genus(TM) Synthesis Solution GENUS15.21 - 15.20-s010_1
  Generated on:           Apr 07 2016  04:52:51 pm
  Module:                 DSP
  Interconnect mode:      global
  Area mode:              physical library
============================================================

                                
    Gate     Instances   Area       Library    
-----------------------------------------------
TLATNTSCAX2         33  214.434    slow_vdd1v0 
-----------------------------------------------
total               33  214.434                


                                                      
            Type             Instances   Area  Area % 
------------------------------------------------------
sequential                         725   0.000    0.0 
inverter                          1186   0.000    0.0 
clock_gating_integrated_cell        33 214.434  100.0 
logic                             5777   0.000    0.0 
physical_cells                       0   0.000    0.0 
------------------------------------------------------
total                             7721 214.434  100.0 

