============================================================
  Generated by:           Genus(TM) Synthesis Solution GENUS15.21 - 15.20-s010_1
  Generated on:           Apr 07 2016  04:52:51 pm
  Module:                 DSP
  Interconnect mode:      global
  Area mode:              physical library
============================================================

          Instance            Cells  Cell Area  Net Area   Total Area 
----------------------------------------------------------------------
DSP                            7721      30103        71        30174 
  alu                          6127      17037         0        17037 
    ialu                       3273       8820         0         8820 
      mul_112_34               1572       3955         0         3955 
      sub_110_35                459        994         0          994 
      add_108_45                428        954         0          954 
      sll_108_35                123        529         0          529 
      sub_111_35                202        440         0          440 
      add_109_34                187        420         0          420 
      sra_114_35                 80        389         0          389 
    qmult0                     1413       3592         0         3592 
      mul_153_37               1412       3589         0         3589 
    qadd0                       777       1842         0         1842 
      final_adder_sub_196_28    155        350         0          350 
      final_adder_sub_192_28    155        350         0          350 
      add_184_27                154        349         0          349 
    sll_84_51                   111        506         0          506 
    srl_85_51                   110        503         0          503 
    srl_82_27                    68        293         0          293 
    sll_29_17                    68        293         0          293 
  regFile                       918       9614        24         9637 
  dspDecode                     291        965         0          965 
  ALUFF                          77        687         0          687 
  DECFF                          71        633         0          633 
  dspFetch                      102        373         1          374 
  IFFF                           32        285         0          285 
  dspMemoryLogic                 40        262         0          262 
  BRFF                           17        152         0          152 
  dspBranch                      43         85         0           85 
