============================================================
  Generated by:           Genus(TM) Synthesis Solution GENUS15.21 - 15.20-s010_1
  Generated on:           Apr 07 2016  04:52:51 pm
  Module:                 DSP
  Interconnect mode:      global
  Area mode:              physical library
============================================================

Timing
--------

Clock Period 
-------------
clk   5000.0 


        Cost          Critical          Violating 
       Group         Path Slack   TNS     Paths   
--------------------------------------------------
C2C                      -328.1   -420          3 
C2O                      4289.1      0          0 
cg_enable_group_clk       896.5      0          0 
clk                      1997.1      0          0 
default                No paths      0            
I2C                       936.5      0          0 
I2O                      4116.4      0          0 
--------------------------------------------------
Total                             -420          3 

Instance Count
--------------
Leaf Instance Count             7721 
Sequential Instance Count        758 
Combinational Instance Count    6963 
Hierarchical Instance Count       61 

Area
----
Cell Area                          30103.187
Physical Cell Area                 0.000
Total Cell Area (Cell+Physical)    30103.187
Net Area                           70.873
Total Area (Cell+Physical+Net)     30174.060

Runtime                            0.000 seconds
Elapsed Runtime                    28 seconds
Genus peak memory usage            406.17 
Innovus peak memory usage          no_value 
Hostname                           ice06.ee.cooper.edu
