============================================================
  Generated by:           Genus(TM) Synthesis Solution GENUS15.21 - 15.20-s010_1
  Generated on:           Apr 07 2016  04:54:56 pm
  Module:                 DSP
  Interconnect mode:      global
  Area mode:              physical library
============================================================

          Instance            Cells  Cell Area  Net Area   Total Area 
----------------------------------------------------------------------
DSP                            9032      25457     10309        35767 
  alu                          4717      12370      5533        17903 
    ialu                       2393       5835      2808         8642 
      mul_112_34                875       2469      1082         3551 
      sub_110_35                272        567       258          825 
      add_108_45                257        559       245          804 
      sll_108_35                220        497       235          732 
      add_109_34                129        266       118          384 
      sub_111_35                129        262       121          383 
      sra_114_35                 90        200        93          293 
    qmult0                      861       2956      1039         3996 
      mul_153_37                856       2943      1029         3972 
    qadd0                       548       1554       552         2106 
      final_adder_sub_192_28    109        364        98          461 
      final_adder_sub_196_28    105        324        93          417 
      add_184_27                119        303       105          408 
    srl_85_51                   100        223       112          336 
    sll_84_51                    99        226       108          333 
    sll_29_17                    86        180        85          264 
    srl_82_27                    77        166        78          244 
  regFile                      3346       9690      3598        13288 
  ALUFF                         158        798        83          881 
  dspDecode                     315        573       273          846 
  DECFF                         151        601        81          683 
  dspFetch                       57        360        52          412 
  dspMemoryLogic                133        269       109          378 
  IFFF                           48        266        23          289 
  BRFF                           37        120        20          141 
  dspBranch                      21         32         9           41 
