============================================================
  Generated by:           Genus(TM) Synthesis Solution GENUS15.21 - 15.20-s010_1
  Generated on:           Apr 07 2016  04:54:56 pm
  Module:                 DSP
  Interconnect mode:      global
  Area mode:              physical library
============================================================

                                  
    Gate     Instances    Area        Library    
-------------------------------------------------
ADDFHX1             46    346.104    slow_vdd1v0 
ADDFHX2             35    287.280    slow_vdd1v0 
ADDFHX4              9     86.184    slow_vdd1v0 
ADDFHXL              2     15.048    slow_vdd1v0 
ADDFX1              95    487.350    slow_vdd1v0 
ADDFX2               4     31.464    slow_vdd1v0 
ADDHX1              22     82.764    slow_vdd1v0 
ADDHX2               6     30.780    slow_vdd1v0 
ADDHX4               4     28.728    slow_vdd1v0 
AND2X1            1601   2190.168    slow_vdd1v0 
AND2X2             135    230.850    slow_vdd1v0 
AND2X4              58    158.688    slow_vdd1v0 
AND2X6              39    146.718    slow_vdd1v0 
AND2X8               9     40.014    slow_vdd1v0 
AND3X1              34     81.396    slow_vdd1v0 
AND3X2               6     16.416    slow_vdd1v0 
AND3X4               5     15.390    slow_vdd1v0 
AND3X6               1      4.446    slow_vdd1v0 
AND3XL              31     63.612    slow_vdd1v0 
AND4X1               7     16.758    slow_vdd1v0 
AND4XL               5     11.970    slow_vdd1v0 
AO21X1             231    553.014    slow_vdd1v0 
AO21X2              14     38.304    slow_vdd1v0 
AO21X4              13     44.460    slow_vdd1v0 
AO22X1              86    235.296    slow_vdd1v0 
AO22X2               5     15.390    slow_vdd1v0 
AO22X4               7     26.334    slow_vdd1v0 
AOI211X4             6     38.988    slow_vdd1v0 
AOI21X2            701   1917.936    slow_vdd1v0 
AOI21X4            185    949.050    slow_vdd1v0 
AOI221X4             1      7.866    slow_vdd1v0 
AOI2BB1X2           67    206.226    slow_vdd1v0 
AOI2BB1X4           53    217.512    slow_vdd1v0 
BUFX12               5     25.650    slow_vdd1v0 
BUFX2              239    408.690    slow_vdd1v0 
BUFX20              78    640.224    slow_vdd1v0 
BUFX3              221    453.492    slow_vdd1v0 
BUFX4               44    105.336    slow_vdd1v0 
BUFX6              113    347.814    slow_vdd1v0 
BUFX8                4     15.048    slow_vdd1v0 
DFFHQX1             69    377.568    slow_vdd1v0 
DFFHQX4             39    320.112    slow_vdd1v0 
DFFHQX8              8     73.872    slow_vdd1v0 
DFFQX2               6     38.988    slow_vdd1v0 
DFFQX4              19    136.458    slow_vdd1v0 
DFFRHQX2            23    180.918    slow_vdd1v0 
DFFRHQX4             8     76.608    slow_vdd1v0 
DFFRX2             480   3611.520    slow_vdd1v0 
DFFTRX1              1      8.208    slow_vdd1v0 
DFFTRX2             31    254.448    slow_vdd1v0 
DFFTRXL             24    188.784    slow_vdd1v0 
INVX1              356    243.504    slow_vdd1v0 
INVX12               2      8.208    slow_vdd1v0 
INVX2              278    285.228    slow_vdd1v0 
INVX3              319    436.392    slow_vdd1v0 
INVX4              120    205.200    slow_vdd1v0 
INVX6               30     71.820    slow_vdd1v0 
INVX8                7     21.546    slow_vdd1v0 
MX2X1              169    404.586    slow_vdd1v0 
MX2X2               19     58.482    slow_vdd1v0 
MX2X4                3     12.312    slow_vdd1v0 
MX3X1                2     10.260    slow_vdd1v0 
MXI2X2               3     13.338    slow_vdd1v0 
MXI2X4               1      5.130    slow_vdd1v0 
MXI2X6               5     25.650    slow_vdd1v0 
NAND2BX2            58    138.852    slow_vdd1v0 
NAND2BX4            22     82.764    slow_vdd1v0 
NAND2X2            444    759.240    slow_vdd1v0 
NAND2X4            130    444.600    slow_vdd1v0 
NAND2X6             59    282.492    slow_vdd1v0 
NAND2X8             19    103.968    slow_vdd1v0 
NAND3BX4             1      5.130    slow_vdd1v0 
NAND3X8              1      8.208    slow_vdd1v0 
NOR2BX2            114    311.904    slow_vdd1v0 
NOR2BX4             34    127.908    slow_vdd1v0 
NOR2X2             252    430.920    slow_vdd1v0 
NOR2X4             173    532.494    slow_vdd1v0 
NOR2X6              60    246.240    slow_vdd1v0 
NOR2X8              16     87.552    slow_vdd1v0 
NOR3BX4              6     34.884    slow_vdd1v0 
NOR3X4               2     10.260    slow_vdd1v0 
NOR3X6               2     14.364    slow_vdd1v0 
OA21X1              67    137.484    slow_vdd1v0 
OA21X2               7     21.546    slow_vdd1v0 
OA21X4               3     11.286    slow_vdd1v0 
OA22X1             184    440.496    slow_vdd1v0 
OA22X2              34    116.280    slow_vdd1v0 
OA22X4              75    307.800    slow_vdd1v0 
OAI21X2             12     36.936    slow_vdd1v0 
OAI21X4             64    306.432    slow_vdd1v0 
OAI22X4             80    519.840    slow_vdd1v0 
OAI2BB1X2           86    264.708    slow_vdd1v0 
OAI2BB1X4           27    120.042    slow_vdd1v0 
OR2X1              187    255.816    slow_vdd1v0 
OR2X2               82    140.220    slow_vdd1v0 
OR2X4               30     82.080    slow_vdd1v0 
OR2X6               18     67.716    slow_vdd1v0 
OR2X8                2      8.892    slow_vdd1v0 
OR3X1               80    164.160    slow_vdd1v0 
OR3X2                5     11.970    slow_vdd1v0 
OR3X4                1      3.078    slow_vdd1v0 
OR3X6                2      9.576    slow_vdd1v0 
OR4X1               37     75.924    slow_vdd1v0 
SDFFNSRX4            1     16.074    slow_vdd1v0 
SDFFRHQX2           16    158.688    slow_vdd1v0 
TLATNTSCAX2         33    214.434    slow_vdd1v0 
XNOR2X1            175    418.950    slow_vdd1v0 
XNOR2X2             12     36.936    slow_vdd1v0 
XNOR2X4              4     15.048    slow_vdd1v0 
XOR2X1              60    164.160    slow_vdd1v0 
XOR2X2               5     17.100    slow_vdd1v0 
XOR2X4               1      4.104    slow_vdd1v0 
-------------------------------------------------
total             9032  25457.454                


                                                        
            Type             Instances    Area   Area % 
--------------------------------------------------------
sequential                         725  5442.246   21.4 
inverter                          1112  1271.898    5.0 
buffer                             704  1996.254    7.8 
clock_gating_integrated_cell        33   214.434    0.8 
logic                             6458 16532.622   64.9 
physical_cells                       0     0.000    0.0 
--------------------------------------------------------
total                             9032 25457.454  100.0 

