============================================================
  Generated by:           Genus(TM) Synthesis Solution GENUS15.21 - 15.20-s010_1
  Generated on:           Apr 07 2016  11:07:06 pm
  Module:                 DSP
  Interconnect mode:      global
  Area mode:              physical library
============================================================


Path 1: VIOLATED (-249 ps) Setup Check with Pin regFile/mem_reg[9][9]/CKN->SI
          Group: I2C
     Startpoint: (R) read_data_1[9]
          Clock: (R) clk
       Endpoint: (R) regFile/mem_reg[9][9]/SI
          Clock: (F) clk

                     Capture       Launch     
        Clock Edge:+    2500            0     
       Src Latency:+       0            0     
       Net Latency:+       0 (I)        0 (I) 
           Arrival:=    2500            0     
                                              
             Setup:-     257                  
       Uncertainty:-     200                  
     Required Time:=    2043                  
      Launch Clock:-       0                  
       Input Delay:-    2000                  
         Data Path:-     292                  
             Slack:=    -249                  

#----------------------------------------------------------------------------------------
#      Timing Point        Flags   Arc   Edge   Cell     Fanout Load Trans Delay Arrival 
#                                                               (fF)  (ps)  (ps)   (ps)  
#----------------------------------------------------------------------------------------
  read_data_1[9]           -       -     R     (arrival)      1  3.2    34     9    2009 
  dspMemoryLogic/g1428/Y   -       A1->Y F     AOI21X4        1  4.5   112    98    2107 
  dspMemoryLogic/g37/Y     -       B->Y  R     NAND2X8        1  4.8    45    67    2174 
  regFile/g8/Y             -       B->Y  F     NAND2X8        1  4.5    72    69    2242 
  regFile/g15/Y            -       B->Y  R     NAND2X8        2  4.2    36    49    2292 
  regFile/mem_reg[9][9]/SI -       -     R     SDFFNSRXL      2    -     -     0    2292 
#----------------------------------------------------------------------------------------

