============================================================
  Generated by:           Genus(TM) Synthesis Solution GENUS15.21 - 15.20-s010_1
  Generated on:           Apr 07 2016  11:07:06 pm
  Module:                 DSP
  Interconnect mode:      global
  Area mode:              physical library
============================================================


Path 1: VIOLATED (-91 ps) Late External Delay Assertion at pin write_addr_2[0]
          Group: C2O
     Startpoint: (R) ALUFF/q_reg[32]/CK
          Clock: (R) clk
       Endpoint: (F) write_addr_2[0]
          Clock: (R) clk

                     Capture       Launch     
        Path Delay:+     600            -     
       Src Latency:+       0            0     
       Net Latency:+       0 (I)        0 (I) 
           Arrival:=     600            0     
                                              
      Output Delay:-     100                  
       Uncertainty:-     200                  
     Required Time:=     300                  
      Launch Clock:-       0                  
         Data Path:-     391                  
             Slack:=     -91                  

#----------------------------------------------------------------------------------
#   Timing Point     Flags   Arc   Edge   Cell     Fanout Load Trans Delay Arrival 
#                                                         (fF)  (ps)  (ps)   (ps)  
#----------------------------------------------------------------------------------
  ALUFF/q_reg[32]/CK -       -     R     (arrival)    218    -     0     -       0 
  ALUFF/q_reg[32]/Q  -       CK->Q F     DFFHQX4        4  9.6    78   253     253 
  fopt11371/Y        -       A->Y  F     BUFX20         1 51.6    95   138     391 
  write_addr_2[0]    -       -     F     (port)         -    -     -     0     391 
#----------------------------------------------------------------------------------

