============================================================
  Generated by:           Genus(TM) Synthesis Solution GENUS15.21 - 15.20-s010_1
  Generated on:           Apr 07 2016  11:06:07 pm
  Module:                 DSP
  Interconnect mode:      global
  Area mode:              physical library
============================================================


Path 1: MET (1269 ps) Setup Check with Pin regFile/RC_CG_HIER_INST25/RC_CGIC_INST/CK->E
          Group: cg_enable_group_clk
     Startpoint: (R) ALUFF/q_reg[64]/CK
          Clock: (R) clk
       Endpoint: (R) regFile/RC_CG_HIER_INST25/RC_CGIC_INST/E
          Clock: (F) clk

                     Capture       Launch     
        Clock Edge:+    2500            0     
       Src Latency:+       0            0     
       Net Latency:+       0 (I)        0 (I) 
           Arrival:=    2500            0     
                                              
             Setup:-     134                  
       Uncertainty:-     200                  
     Required Time:=    2166                  
      Launch Clock:-       0                  
         Data Path:-     897                  
             Slack:=    1269                  

#----------------------------------------------------------------------------------------------------------
#              Timing Point                Flags   Arc   Edge    Cell      Fanout Load Trans Delay Arrival 
#                                                                                 (fF)  (ps)  (ps)   (ps)  
#----------------------------------------------------------------------------------------------------------
  ALUFF/q_reg[64]/CK                       -       -     R     (arrival)      218    -     0     -       0 
  ALUFF/q_reg[64]/Q                        -       CK->Q F     DFFTRX2          4  4.9    77   241     241 
  regFile/g15656/Y                         -       A->Y  R     INVX1            1  1.8    57    73     314 
  regFile/g15619/Y                         -       A->Y  R     AND2X1           2  3.0    78   164     478 
  regFile/g15594/Y                         -       B->Y  R     AND2X2           2  3.8    70   205     683 
  regFile/g15456/Y                         -       B->Y  R     AND2X2           4  6.0    92   214     897 
  regFile/RC_CG_HIER_INST25/RC_CGIC_INST/E -       -     R     TLATNTSCAX2      4    -     -     0     897 
#----------------------------------------------------------------------------------------------------------

