============================================================
  Generated by:           Genus(TM) Synthesis Solution GENUS15.21 - 15.20-s010_1
  Generated on:           Apr 07 2016  11:06:07 pm
  Module:                 DSP
  Interconnect mode:      global
  Area mode:              physical library
============================================================


Path 1: MET (34 ps) Setup Check with Pin ALUFF/q_reg[8]/CK->D
          Group: C2C
     Startpoint: (R) DECFF/q_reg[40]/CK
          Clock: (R) clk
       Endpoint: (R) ALUFF/q_reg[8]/D
          Clock: (R) clk

                     Capture       Launch     
        Clock Edge:+    5000            0     
       Src Latency:+       0            0     
       Net Latency:+       0 (I)        0 (I) 
           Arrival:=    5000            0     
                                              
             Setup:-     201                  
       Uncertainty:-     200                  
     Required Time:=    4599                  
      Launch Clock:-       0                  
         Data Path:-    4566                  
             Slack:=      34                  

#------------------------------------------------------------------------------------------------------
#             Timing Point              Flags    Arc   Edge   Cell     Fanout Load Trans Delay Arrival 
#                                                                             (fF)  (ps)  (ps)   (ps)  
#------------------------------------------------------------------------------------------------------
  DECFF/q_reg[40]/CK                    -       -      R     (arrival)    218    -     0     -       0 
  DECFF/q_reg[40]/Q                     -       CK->Q  F     DFFHQX4        4 10.1    81   255     255 
  alu_qmult0_mul_159_37/g12695/Y        -       A->Y   R     INVX6          4 10.4    56    64     318 
  alu_qmult0_mul_159_37/g12329/Y        -       A->Y   F     NAND2X4        1  4.5   100   100     418 
  alu_qmult0_mul_159_37/g12234/Y        -       B->Y   R     NAND2X8        3  7.4    49    66     484 
  alu_qmult0_mul_159_37/g12169/Y        -       A->Y   F     INVX4          6 11.4    89    74     558 
  alu_qmult0_mul_159_37/fopt13165/Y     -       A->Y   F     BUFX3          4  8.9    91   136     694 
  alu_qmult0_mul_159_37/g12081/Y        -       A->Y   R     NOR2X2         1  3.2   100   115     810 
  alu_qmult0_mul_159_37/g11833/Y        -       A->Y   F     NOR2X4         1  2.7    50    79     888 
  alu_qmult0_mul_159_37/g11672/CO       -       A->CO  F     ADDFHX2        1  2.7    72   198    1086 
  alu_qmult0_mul_159_37/g11593/CO       -       A->CO  F     ADDFHX1        1  2.4    84   202    1288 
  alu_qmult0_mul_159_37/g11569/S        -       CI->S  R     ADDFHX1        1  2.4    73   299    1587 
  alu_qmult0_mul_159_37/g11497/CO       -       CI->CO R     ADDFHX2        2  4.8    86   230    1818 
  alu_qmult0_mul_159_37/drc_bufs12911/Y -       A->Y   F     INVX2          1  2.3    52    72    1890 
  alu_qmult0_mul_159_37/drc_bufs12909/Y -       A->Y   R     INVX2          1  4.0    56    58    1948 
  alu_qmult0_mul_159_37/g11475/Y        -       A->Y   F     NAND2X6        2  4.6    90    89    2037 
  alu_qmult0_mul_159_37/g11449/Y        -       A1->Y  R     AOI21X4        2  4.2    79   102    2139 
  alu_qmult0_mul_159_37/g11434/Y        -       B->Y   F     NOR2X4         1  3.8    54    65    2203 
  alu_qmult0_mul_159_37/g11430/Y        -       B->Y   R     NOR2X6         1  3.2    52    56    2260 
  alu_qmult0_mul_159_37/g11421/Y        -       A1->Y  F     OAI21X4        1  4.5   112   101    2361 
  alu_qmult0_mul_159_37/g11419/Y        -       A->Y   R     NOR2X8         4 10.0    83   111    2472 
  alu_qmult0_mul_159_37/g13676/Y        -       B->Y   F     NOR2BX4        1  4.5    60    69    2542 
  alu_qmult0_mul_159_37/g11411/Y        -       B->Y   R     NOR2X8         4  9.2    80    74    2616 
  alu_qmult0_mul_159_37/g11405/Y        -       A1->Y  F     OAI21X4        1  2.0    80    96    2712 
  alu_qmult0_mul_159_37/g11400/Y        -       B->Y   R     XOR2X2         2  4.2    77   206    2918 
  g3787/Y                               -       A1->Y  F     AOI21X4        2  3.1    96   108    3026 
  fopt4291/Y                            -       A->Y   F     BUFX3          2  5.7    64   125    3151 
  g3782/Y                               -       A->Y   R     INVX3          3  8.8    75    73    3224 
  g3694/Y                               -       B->Y   F     NOR2X4         3  5.1    61    68    3291 
  g10191/Y                              -       A->Y   R     INVX1          1  3.2    83    79    3370 
  g10168/Y                              -       A->Y   F     NOR2X4         1  2.3    44    69    3439 
  g10619/Y                              -       B->Y   R     NOR2BX2        1  3.2    99    83    3522 
  g9906/Y                               -       A0->Y  F     OAI21X4        1  3.1    98   132    3654 
  g9714/Y                               -       A1->Y  R     AOI21X4        1  3.2    72    99    3753 
  g9608/Y                               -       A1->Y  F     OAI21X4        1  3.1    98   101    3854 
  g9559/Y                               -       A1->Y  R     AOI21X4        1  3.2    71    99    3953 
  g9540/Y                               -       B->Y   F     NOR2X4         1  4.5    56    63    4016 
  g9514/Y                               -       A->Y   R     NOR2X8         4  7.4    68    79    4095 
  g9488/Y                               -       B->Y   R     AND2X8         8 21.5    94   202    4297 
  g9484/Y                               -       A->Y   F     INVX8          8 18.3    87    87    4384 
  g9455/Y                               -       B->Y   R     NOR2BX4        1  2.4    60    73    4457 
  g9413/Y                               -       B->Y   F     NOR2BX2        1  2.3    52    60    4518 
  g9399/Y                               -       B->Y   R     NAND2X2        1  1.8    49    48    4566 
  ALUFF/q_reg[8]/D                      -       -      R     DFFTRXL        1    -     -     0    4566 
#------------------------------------------------------------------------------------------------------

