============================================================
  Generated by:           Genus(TM) Synthesis Solution GENUS15.21 - 15.20-s010_1
  Generated on:           Apr 07 2016  11:07:06 pm
  Module:                 DSP
  Interconnect mode:      global
  Area mode:              physical library
============================================================


Path 1: MET (0 ps) Setup Check with Pin ALUFF/q_reg[2]/CK->D
          Group: C2C
     Startpoint: (R) DECFF/q_reg[35]/CK
          Clock: (R) clk
       Endpoint: (F) ALUFF/q_reg[2]/D
          Clock: (R) clk

                     Capture       Launch     
        Clock Edge:+    5000            0     
       Src Latency:+       0            0     
       Net Latency:+       0 (I)        0 (I) 
           Arrival:=    5000            0     
                                              
             Setup:-     101                  
       Uncertainty:-     200                  
     Required Time:=    4699                  
      Launch Clock:-       0                  
         Data Path:-    4699                  
             Slack:=       0                  

#-----------------------------------------------------------------------------------------------------
#            Timing Point              Flags    Arc   Edge   Cell     Fanout Load Trans Delay Arrival 
#                                                                            (fF)  (ps)  (ps)   (ps)  
#-----------------------------------------------------------------------------------------------------
  DECFF/q_reg[35]/CK                   -       -      R     (arrival)    218    -     0     -       0 
  DECFF/q_reg[35]/Q                    -       CK->Q  F     DFFHQX4        2  7.8    66   247     247 
  g1465/Y                              -       A->Y   F     BUFX12         7 10.0    45   106     353 
  alu_ialu_mul_118_34/g8403/Y          -       A->Y   F     BUFX3          7  9.5    96   118     471 
  alu_ialu_mul_118_34/g8393/Y          -       A->Y   R     INVX4          5  7.6    60    74     545 
  alu_ialu_mul_118_34/g8184/Y          -       A->Y   F     NOR2X4         1  3.8    51    63     608 
  alu_ialu_mul_118_34/g8058/Y          -       A->Y   R     NOR2X6         4  7.6    82    84     692 
  alu_ialu_mul_118_34/g7979/Y          -       A->Y   F     INVX6          4 10.0    67    73     765 
  alu_ialu_mul_118_34/g7953/Y          -       B->Y   R     NOR2X8         3  8.2    75    74     838 
  alu_ialu_mul_118_34/g9325/Y          -       A->Y   F     INVX6          8 17.8    99    89     927 
  alu_ialu_mul_118_34/g7822/Y          -       A1->Y  R     OAI22X4        1  1.8    78    97    1024 
  alu_ialu_mul_118_34/drc_bufs8865/Y   -       A->Y   R     BUFX2          1  2.4    41   121    1145 
  alu_ialu_mul_118_34/cdnfadd_015_1/S  (p)     B->S   R     ADDFX1         1  2.4    78   291    1436 
  alu_ialu_mul_118_34/cdnfadd_015_3/CO (p)     B->CO  R     ADDFX1         1  2.4    76   240    1676 
  alu_ialu_mul_118_34/cdnfadd_016_5/S  (p)     CI->S  F     ADDFHX1        1  2.4    83   284    1960 
  alu_ialu_mul_118_34/cdnfadd_016_6/S  (p)     CI->S  R     ADDFHX2        1  2.4    67   341    2302 
  alu_ialu_mul_118_34/drc8654/Y        -       A->Y   R     BUFX6          2  6.4    39   101    2403 
  alu_ialu_mul_118_34/g7621/Y          -       B->Y   F     NAND2X6        3  4.4    82    71    2474 
  alu_ialu_mul_118_34/g10166/Y         -       A1N->Y F     AOI2BB1X4      2  4.1    64   182    2656 
  alu_ialu_mul_118_34/g7554/Y          -       A1->Y  R     OAI21X4        1  4.0    83    85    2741 
  alu_ialu_mul_118_34/g7549/Y          -       A->Y   F     NOR2X6         5  7.9    65    79    2820 
  alu_ialu_mul_118_34/g7543/Y          -       B->Y   R     NOR2X4         2  5.0    83    79    2899 
  alu_ialu_mul_118_34/g7538/Y          -       B->Y   F     NOR2X6         4  7.7    60    70    2970 
  alu_ialu_mul_118_34/g7530/Y          -       A1N->Y F     AOI2BB1X4      1  2.4    54   166    3135 
  alu_ialu_mul_118_34/g7521/S          -       CI->S  R     ADDFHX1        1  2.8    81   290    3425 
  alu_ialu_mul_118_34/g7520/Y          -       A->Y   F     INVX3          1  3.1    47    66    3491 
  alu_ialu_g10166/Y                    -       A1->Y  R     AOI21X4        2  2.8    68    73    3564 
  alu_ialu_g10080/Y                    -       A->Y   R     AND2X1         1  3.2    82   172    3736 
  alu_ialu_g10077/Y                    -       B->Y   F     NAND2X4        1  2.3    75    86    3822 
  alu_ialu_g10058/Y                    -       B->Y   R     NOR2X2         1  2.4    85    88    3909 
  alu_ialu_g10057/Y                    -       B->Y   R     OR2X8          9 20.7    75   143    4053 
  alu_ialu_g10056/Y                    -       A->Y   R     BUFX6          4  7.6    43   108    4160 
  alu_ialu_g10053/Y                    -       A->Y   F     INVX3          4  4.8    55    54    4214 
  alu_ialu_g10031/Y                    -       B0->Y  F     AO21X1         1  1.8    63   143    4358 
  g9429/Y                              -       A1->Y  F     AO21X1         1  3.0    92   170    4528 
  g9411/Y                              -       A->Y   R     NOR2X4         1  2.4    54    87    4615 
  g9401/Y                              -       B->Y   F     NAND2X2        1  1.8    87    84    4699 
  ALUFF/q_reg[2]/D                     -       -      F     DFFTRXL        1    -     -     0    4699 
#-----------------------------------------------------------------------------------------------------

(p) : Instance is preserved but may be resized

