Command: report datapath > reports/DSP_datapath_incr.rpt
============================================================
  Generated by:           Genus(TM) Synthesis Solution GENUS15.21 - 15.20-s010_1
  Generated on:           Apr 07 2016  11:07:06 pm
  Module:                 DSP
  Interconnect mode:      global
  Area mode:              physical library
============================================================


Inferred components

                    Operator Signedness Inputs Outputs CellArea 
================================================================
DSP
 alu_ialu_mul_118_34
  
  module:mult_signed
   timing_driven/booth
                        *    signed     16x16  32       3079.37 
================================================================
DSP
 alu_ialu_sll_114_35
  
  module:shift_left_vlog_unsigned_576
   very_fast/barrel    <<    x          32x5   32        533.18 
================================================================
DSP
 alu_ialu_sll_116_40
  
  module:shift_left_vlog_unsigned
   very_fast/barrel    <<    x          32x5   32        494.19 
================================================================
DSP
 alu_qmult0_mul_159_37
  
  module:mult_unsigned
   timing_driven/booth
                        *    unsigned   15x15  30       2952.14 
================================================================

      Type       CellArea Percentage 
-------------------------------------
datapath modules  7058.88      26.31 
external muxes       0.00       0.00 
others           19766.92      73.69 
-------------------------------------
total            26825.80     100.00 

