============================================================
  Generated by:           Genus(TM) Synthesis Solution GENUS15.21 - 15.20-s010_1
  Generated on:           Apr 07 2016  11:06:07 pm
  Module:                 DSP
  Interconnect mode:      global
  Area mode:              physical library
============================================================


Path 1: MET (1515 ps) Late External Delay Assertion at pin write_en_2
          Group: I2O
     Startpoint: (F) clk
          Clock: (F) clk
       Endpoint: (R) write_en_2
          Clock: (R) clk

                     Capture       Launch     
        Path Delay:+    2200            -     
       Src Latency:+       0            0     
       Net Latency:+       0 (I)        0 (I) 
           Arrival:=    2200            0     
                                              
      Output Delay:-     100                  
       Uncertainty:-     200                  
     Required Time:=    1900                  
      Launch Clock:-       0                  
       Input Delay:-       0                  
         Data Path:-     385                  
             Slack:=    1515                  

#--------------------------------------------------------------------------------------
#     Timing Point       Flags   Arc   Edge   Cell     Fanout Load Trans Delay Arrival 
#                                                             (fF)  (ps)  (ps)   (ps)  
#--------------------------------------------------------------------------------------
  clk                    (i)     -     F     (arrival)    218  0.0     0     0       0 
  dspMemoryLogic/g1325/Y -       A->Y  R     NOR2X2         1  1.8    63    53      53 
  dspMemoryLogic/g1321/Y -       B->Y  R     AND2X1         1  3.6    90   184     237 
  dspMemoryLogic/drc/Y   -       A->Y  R     BUFX20         1 51.6    80   148     385 
  write_en_2             -       -     R     (port)         -    -     -     0     385 
#--------------------------------------------------------------------------------------

(i) : Net is ideal.

